2024-10-03 01:29:02 [INFO] - Application Started
2024-10-03 01:29:02 [INFO] - Running 'test' subcommand
2024-10-03 01:29:02 [INFO] - Verbose: yes
2024-10-03 01:29:02 [INFO] - Starting tests...
2024-10-03 01:29:03 [INFO] - Test 1 | PASSED | PASSED | PASSED: argument_and_locals in 1.29s
2024-10-03 01:29:05 [INFO] - Test 2 | FAILED: No Extract Function Assist found for the given selection of assists [] | N/A | N/A: argument_form_expr in 1.20s
2024-10-03 01:29:06 [INFO] - Test 3 | FAILED: No Extract Function Assist found for the given selection of assists [] | N/A | N/A: argument_used_twice_form_expr in 1.23s
2024-10-03 01:29:07 [INFO] - Test 4 | PASSED | PASSED | PASSED: break_from_nested_and_outer_loops in 1.22s
2024-10-03 01:29:09 [INFO] - Test 5 | PASSED | PASSED | PASSED: break_from_nested_loop in 1.20s
2024-10-03 01:29:10 [INFO] - Test 6 | PASSED | PASSED | PASSED: break_loop in 1.22s
2024-10-03 01:29:11 [INFO] - Test 7 | PASSED | PASSED | PASSED: break_loop_nested in 1.24s
