2024-10-03 02:17:07 [INFO] - Application Started
2024-10-03 02:17:07 [INFO] - Running 'test' subcommand
2024-10-03 02:17:07 [INFO] - Verbose: yes
2024-10-03 02:17:07 [INFO] - Starting tests...
2024-10-03 02:17:09 [INFO] - Test 1 | PASSED | PASSED | PASSED: argument_and_locals in 1.27s
2024-10-03 02:17:10 [INFO] - Test 2 | FAILED: No Extract Function Assist found for the given selection of assists [] | N/A | N/A: argument_form_expr in 1.16s
2024-10-03 02:17:11 [INFO] - Test 3 | FAILED: No Extract Function Assist found for the given selection of assists [] | N/A | N/A: argument_used_twice_form_expr in 1.22s
2024-10-03 02:17:13 [INFO] - Test 4 | PASSED | PASSED | PASSED: break_from_nested_and_outer_loops in 1.19s
2024-10-03 02:17:14 [INFO] - Test 5 | PASSED | PASSED | PASSED: break_from_nested_loop in 1.23s
2024-10-03 02:17:16 [INFO] - Test 6 | PASSED | PASSED | PASSED: break_loop in 1.40s
2024-10-03 02:17:17 [INFO] - Test 7 | PASSED | PASSED | PASSED: break_loop_nested in 1.41s
