2024-10-02 17:48:11 [INFO] - Application Started
2024-10-02 17:48:11 [INFO] - Running 'test' subcommand
2024-10-02 17:48:11 [INFO] - Verbose: no
2024-10-02 17:48:11 [INFO] - Starting tests...
2024-10-02 17:48:12 [INFO] - Test 1 | FAILED: I/O error: The system cannot find the file specified. (os error 2) | N/A: no_args_from_binary_expr in 335.22ms
2024-10-02 17:48:12 [INFO] - Test 2 | FAILED: I/O error: The system cannot find the file specified. (os error 2) | N/A: no_args_from_binary_expr_in_module in 299.76ms
2024-10-02 17:48:12 [INFO] - Test 3 | FAILED: I/O error: The system cannot find the file specified. (os error 2) | N/A: no_args_from_binary_expr_indented in 301.67ms
2024-10-02 17:48:13 [INFO] - Test 4 | FAILED: I/O error: The system cannot find the file specified. (os error 2) | N/A: no_args_from_stmt_with_last_expr in 319.81ms
2024-10-02 17:48:13 [INFO] - Test 5 | FAILED: I/O error: The system cannot find the file specified. (os error 2) | N/A: no_args_from_stmt_unit in 318.05ms
2024-10-02 17:48:13 [INFO] - Test 6 | FAILED: I/O error: The system cannot find the file specified. (os error 2) | N/A: no_args_if in 330.91ms
