2024-10-02 20:28:38 [INFO] - Application Started
2024-10-02 20:28:38 [INFO] - Running 'test' subcommand
2024-10-02 20:28:38 [INFO] - Verbose: no
2024-10-02 20:28:38 [INFO] - Starting tests...
2024-10-02 20:28:38 [INFO] - Test 1 | FAILED: I/O error: File not found: input\no_args_from_binary_expr\src\main.rs | N/A: no_args_from_binary_expr in 0.70ms
2024-10-02 20:28:38 [INFO] - Test 2 | FAILED: I/O error: File not found: input\no_args_from_binary_expr_in_module\src\main.rs | N/A: no_args_from_binary_expr_in_module in 0.44ms
2024-10-02 20:28:38 [INFO] - Test 3 | FAILED: I/O error: File not found: input\no_args_from_binary_expr_indented\src\main.rs | N/A: no_args_from_binary_expr_indented in 0.58ms
2024-10-02 20:28:38 [INFO] - Test 4 | FAILED: I/O error: File not found: input\no_args_from_stmt_with_last_expr\src\main.rs | N/A: no_args_from_stmt_with_last_expr in 0.63ms
2024-10-02 20:28:38 [INFO] - Test 5 | FAILED: I/O error: File not found: input\no_args_from_stmt_unit\src\main.rs | N/A: no_args_from_stmt_unit in 0.47ms
2024-10-02 20:28:38 [INFO] - Test 6 | FAILED: I/O error: File not found: input\no_args_if\src\main.rs | N/A: no_args_if in 0.63ms
2024-10-02 20:28:38 [INFO] - Test 7 | FAILED: I/O error: File not found: input\no_args_if_else\src\main.rs | N/A: no_args_if_else in 0.58ms
2024-10-02 20:28:38 [INFO] - Test 8 | FAILED: I/O error: File not found: input\no_args_if_let_else\src\main.rs | N/A: no_args_if_let_else in 0.58ms
2024-10-02 20:28:38 [INFO] - Test 9 | FAILED: I/O error: File not found: input\no_args_match\src\main.rs | N/A: no_args_match in 0.55ms
2024-10-02 20:28:38 [INFO] - Test 10 | FAILED: I/O error: File not found: input\no_args_while\src\main.rs | N/A: no_args_while in 0.81ms
2024-10-02 20:28:38 [INFO] - Test 11 | FAILED: I/O error: File not found: input\no_args_for\src\main.rs | N/A: no_args_for in 0.63ms
2024-10-02 20:28:38 [INFO] - Test 12 | FAILED: I/O error: File not found: input\no_args_from_loop_unit\src\main.rs | N/A: no_args_from_loop_unit in 0.75ms
2024-10-02 20:28:38 [INFO] - Test 13 | FAILED: I/O error: File not found: input\no_args_from_loop_with_return\src\main.rs | N/A: no_args_from_loop_with_return in 0.58ms
2024-10-02 20:28:38 [INFO] - Test 14 | FAILED: I/O error: File not found: input\no_args_from_match\src\main.rs | N/A: no_args_from_match in 0.98ms
2024-10-02 20:28:38 [INFO] - Test 15 | FAILED: I/O error: File not found: input\extract_partial_block_single_line\src\main.rs | N/A: extract_partial_block_single_line in 0.85ms
2024-10-02 20:28:38 [INFO] - Test 16 | FAILED: I/O error: File not found: input\extract_partial_block\src\main.rs | N/A: extract_partial_block in 0.69ms
2024-10-02 20:28:38 [INFO] - Test 17 | FAILED: I/O error: File not found: input\argument_form_expr\src\main.rs | N/A: argument_form_expr in 0.40ms
2024-10-02 20:28:38 [INFO] - Test 18 | FAILED: I/O error: File not found: input\argument_used_twice_form_expr\src\main.rs | N/A: argument_used_twice_form_expr in 0.50ms
2024-10-02 20:28:38 [INFO] - Test 19 | FAILED: I/O error: File not found: input\two_arguments_form_expr\src\main.rs | N/A: two_arguments_form_expr in 0.37ms
2024-10-02 20:28:38 [INFO] - Test 20 | FAILED: I/O error: File not found: input\argument_and_locals\src\main.rs | N/A: argument_and_locals in 0.46ms
2024-10-02 20:28:38 [INFO] - Test 21 | FAILED: I/O error: File not found: input\part_of_expr_stmt\src\main.rs | N/A: part_of_expr_stmt in 0.36ms
2024-10-02 20:28:38 [INFO] - Test 22 | FAILED: I/O error: File not found: input\function_expr\src\main.rs | N/A: function_expr in 0.52ms
2024-10-02 20:28:38 [INFO] - Test 23 | FAILED: I/O error: File not found: input\extract_from_nested\src\main.rs | N/A: extract_from_nested in 0.67ms
2024-10-02 20:28:38 [INFO] - Test 24 | FAILED: I/O error: File not found: input\param_from_closure\src\main.rs | N/A: param_from_closure in 0.70ms
2024-10-02 20:28:38 [INFO] - Test 25 | FAILED: I/O error: File not found: input\extract_return_stmt\src\main.rs | N/A: extract_return_stmt in 0.42ms
2024-10-02 20:28:38 [INFO] - Test 26 | FAILED: I/O error: File not found: input\does_not_add_extra_whitespace\src\main.rs | N/A: does_not_add_extra_whitespace in 0.54ms
2024-10-02 20:28:38 [INFO] - Test 27 | FAILED: I/O error: File not found: input\break_stmt\src\main.rs | N/A: break_stmt in 0.57ms
2024-10-02 20:28:38 [INFO] - Test 28 | FAILED: I/O error: File not found: input\extract_cast\src\main.rs | N/A: extract_cast in 0.59ms
2024-10-02 20:28:38 [INFO] - Test 29 | FAILED: I/O error: File not found: input\method_to_freestanding\src\main.rs | N/A: method_to_freestanding in 0.69ms
2024-10-02 20:28:38 [INFO] - Test 30 | FAILED: I/O error: File not found: input\method_with_reference\src\main.rs | N/A: method_with_reference in 0.90ms
2024-10-02 20:28:38 [INFO] - Test 31 | FAILED: I/O error: File not found: input\method_with_mut\src\main.rs | N/A: method_with_mut in 0.63ms
2024-10-02 20:28:38 [INFO] - Test 32 | FAILED: I/O error: File not found: input\variable_defined_inside_and_used_after_no_ret\src\main.rs | N/A: variable_defined_inside_and_used_after_no_ret in 0.52ms
2024-10-02 20:28:38 [INFO] - Test 33 | FAILED: I/O error: File not found: input\variable_defined_inside_and_used_after_mutably_no_ret\src\main.rs | N/A: variable_defined_inside_and_used_after_mutably_no_ret in 0.72ms
2024-10-02 20:28:38 [INFO] - Test 34 | FAILED: I/O error: File not found: input\two_variables_defined_inside_and_used_after_no_ret\src\main.rs | N/A: two_variables_defined_inside_and_used_after_no_ret in 0.53ms
2024-10-02 20:28:38 [INFO] - Test 35 | FAILED: I/O error: File not found: input\multi_variables_defined_inside_and_used_after_mutably_no_ret\src\main.rs | N/A: multi_variables_defined_inside_and_used_after_mutably_no_ret in 0.66ms
2024-10-02 20:28:38 [INFO] - Test 36 | FAILED: I/O error: File not found: input\nontrivial_patterns_define_variables\src\main.rs | N/A: nontrivial_patterns_define_variables in 0.39ms
2024-10-02 20:28:38 [INFO] - Test 37 | FAILED: I/O error: File not found: input\struct_with_two_fields_pattern_define_variables\src\main.rs | N/A: struct_with_two_fields_pattern_define_variables in 0.57ms
2024-10-02 20:28:38 [INFO] - Test 38 | FAILED: I/O error: File not found: input\mut_var_from_outer_scope\src\main.rs | N/A: mut_var_from_outer_scope in 0.78ms
2024-10-02 20:28:38 [INFO] - Test 39 | FAILED: I/O error: File not found: input\mut_field_from_outer_scope\src\main.rs | N/A: mut_field_from_outer_scope in 0.56ms
2024-10-02 20:28:38 [INFO] - Test 40 | FAILED: I/O error: File not found: input\mut_nested_field_from_outer_scope\src\main.rs | N/A: mut_nested_field_from_outer_scope in 0.58ms
2024-10-02 20:28:38 [INFO] - Test 41 | FAILED: I/O error: File not found: input\mut_param_many_usages_stmt\src\main.rs | N/A: mut_param_many_usages_stmt in 0.68ms
2024-10-02 20:28:38 [INFO] - Test 42 | FAILED: I/O error: File not found: input\mut_param_many_usages_expr\src\main.rs | N/A: mut_param_many_usages_expr in 0.75ms
2024-10-02 20:28:38 [INFO] - Test 43 | FAILED: I/O error: File not found: input\mut_param_because_of_mut_ref\src\main.rs | N/A: mut_param_because_of_mut_ref in 0.48ms
2024-10-02 20:28:38 [INFO] - Test 44 | FAILED: I/O error: File not found: input\mut_method_call\src\main.rs | N/A: mut_method_call in 0.42ms
2024-10-02 20:28:38 [INFO] - Test 45 | FAILED: I/O error: File not found: input\copy_used_after\src\main.rs | N/A: copy_used_after in 0.60ms
2024-10-02 20:28:38 [INFO] - Test 46 | FAILED: I/O error: File not found: input\copy_custom_used_after\src\main.rs | N/A: copy_custom_used_after in 0.41ms
2024-10-02 20:28:38 [INFO] - Test 47 | FAILED: I/O error: File not found: input\indented_stmts\src\main.rs | N/A: indented_stmts in 0.45ms
2024-10-02 20:28:38 [INFO] - Test 48 | FAILED: I/O error: File not found: input\indented_stmts_inside_mod\src\main.rs | N/A: indented_stmts_inside_mod in 0.55ms
2024-10-02 20:28:38 [INFO] - Test 49 | FAILED: I/O error: File not found: input\break_loop\src\main.rs | N/A: break_loop in 0.75ms
2024-10-02 20:28:38 [INFO] - Test 50 | FAILED: I/O error: File not found: input\return_to_parent\src\main.rs | N/A: return_to_parent in 0.51ms
2024-10-02 20:28:38 [INFO] - Test 51 | FAILED: I/O error: File not found: input\break_loop_with_if\src\main.rs | N/A: break_loop_with_if in 0.42ms
2024-10-02 20:28:38 [INFO] - Test 52 | FAILED: I/O error: File not found: input\break_loop_nested\src\main.rs | N/A: break_loop_nested in 0.39ms
2024-10-02 20:28:38 [INFO] - Test 53 | FAILED: I/O error: File not found: input\break_loop_nested_labeled\src\main.rs | N/A: break_loop_nested_labeled in 0.42ms
2024-10-02 20:28:38 [INFO] - Test 54 | FAILED: I/O error: File not found: input\continue_loop_nested_labeled\src\main.rs | N/A: continue_loop_nested_labeled in 0.43ms
2024-10-02 20:28:38 [INFO] - Test 55 | FAILED: I/O error: File not found: input\return_from_nested_loop\src\main.rs | N/A: return_from_nested_loop in 0.62ms
2024-10-02 20:28:38 [INFO] - Test 56 | FAILED: I/O error: File not found: input\break_from_nested_loop\src\main.rs | N/A: break_from_nested_loop in 0.45ms
2024-10-02 20:28:38 [INFO] - Test 57 | FAILED: I/O error: File not found: input\break_from_nested_and_outer_loops\src\main.rs | N/A: break_from_nested_and_outer_loops in 0.61ms
2024-10-02 20:28:38 [INFO] - Test 58 | FAILED: I/O error: File not found: input\return_from_nested_fn\src\main.rs | N/A: return_from_nested_fn in 0.45ms
2024-10-02 20:28:38 [INFO] - Test 59 | FAILED: I/O error: File not found: input\break_with_value\src\main.rs | N/A: break_with_value in 0.45ms
2024-10-02 20:28:38 [INFO] - Test 60 | FAILED: I/O error: File not found: input\break_with_value_and_label\src\main.rs | N/A: break_with_value_and_label in 0.37ms
2024-10-02 20:28:38 [INFO] - Test 61 | FAILED: I/O error: File not found: input\break_with_value_and_return\src\main.rs | N/A: break_with_value_and_return in 0.38ms
2024-10-02 20:28:38 [INFO] - Test 62 | FAILED: I/O error: File not found: input\try_option\src\main.rs | N/A: try_option in 0.45ms
2024-10-02 20:28:38 [INFO] - Test 63 | FAILED: I/O error: File not found: input\try_option_unit\src\main.rs | N/A: try_option_unit in 0.44ms
2024-10-02 20:28:38 [INFO] - Test 64 | FAILED: I/O error: File not found: input\try_result\src\main.rs | N/A: try_result in 0.48ms
2024-10-02 20:28:38 [INFO] - Test 65 | FAILED: I/O error: File not found: input\try_option_with_return\src\main.rs | N/A: try_option_with_return in 0.59ms
2024-10-02 20:28:38 [INFO] - Test 66 | FAILED: I/O error: File not found: input\try_result_with_return\src\main.rs | N/A: try_result_with_return in 1.12ms
2024-10-02 20:28:38 [INFO] - Test 67 | FAILED: I/O error: File not found: input\try_and_return_ok\src\main.rs | N/A: try_and_return_ok in 0.53ms
2024-10-02 20:28:38 [INFO] - Test 68 | FAILED: I/O error: File not found: input\param_usage_in_macro\src\main.rs | N/A: param_usage_in_macro in 0.45ms
2024-10-02 20:28:38 [INFO] - Test 69 | FAILED: I/O error: File not found: input\param_usage_in_macro_with_nested_tt\src\main.rs | N/A: param_usage_in_macro_with_nested_tt in 0.48ms
2024-10-02 20:28:38 [INFO] - Test 70 | FAILED: I/O error: File not found: input\param_usage_in_macro_with_nested_tt_2\src\main.rs | N/A: param_usage_in_macro_with_nested_tt_2 in 0.70ms
2024-10-02 20:28:38 [INFO] - Test 71 | FAILED: I/O error: File not found: input\extract_with_await\src\main.rs | N/A: extract_with_await in 0.51ms
2024-10-02 20:28:38 [INFO] - Test 72 | FAILED: I/O error: File not found: input\extract_with_await_and_result_not_producing_match_expr\src\main.rs | N/A: extract_with_await_and_result_not_producing_match_expr in 0.51ms
2024-10-02 20:28:38 [INFO] - Test 73 | FAILED: I/O error: File not found: input\extract_with_await_and_result_producing_match_expr\src\main.rs | N/A: extract_with_await_and_result_producing_match_expr in 0.42ms
2024-10-02 20:28:38 [INFO] - Test 74 | FAILED: I/O error: File not found: input\extract_with_await_in_args\src\main.rs | N/A: extract_with_await_in_args in 0.47ms
2024-10-02 20:28:38 [INFO] - Test 75 | FAILED: I/O error: File not found: input\extract_does_not_tear_comments_apart\src\main.rs | N/A: extract_does_not_tear_comments_apart in 0.40ms
2024-10-02 20:28:38 [INFO] - Test 76 | FAILED: I/O error: File not found: input\extract_does_not_tear_body_apart\src\main.rs | N/A: extract_does_not_tear_body_apart in 0.43ms
2024-10-02 20:28:38 [INFO] - Test 77 | FAILED: I/O error: File not found: input\extract_does_not_wrap_res_in_res\src\main.rs | N/A: extract_does_not_wrap_res_in_res in 0.42ms
2024-10-02 20:28:38 [INFO] - Test 78 | FAILED: I/O error: File not found: input\extract_mut_ref_param_has_no_mut_binding_in_loop\src\main.rs | N/A: extract_mut_ref_param_has_no_mut_binding_in_loop in 0.62ms
2024-10-02 20:28:38 [INFO] - Test 79 | FAILED: I/O error: File not found: input\extract_with_macro_arg\src\main.rs | N/A: extract_with_macro_arg in 0.52ms
2024-10-02 20:28:38 [INFO] - Test 80 | FAILED: I/O error: File not found: input\unresolveable_types_default_to_placeholder\src\main.rs | N/A: unresolveable_types_default_to_placeholder in 0.58ms
2024-10-02 20:28:38 [INFO] - Test 81 | FAILED: I/O error: File not found: input\reference_mutable_param_with_further_usages\src\main.rs | N/A: reference_mutable_param_with_further_usages in 0.38ms
2024-10-02 20:28:38 [INFO] - Test 82 | FAILED: I/O error: File not found: input\reference_mutable_param_without_further_usages\src\main.rs | N/A: reference_mutable_param_without_further_usages in 0.37ms
2024-10-02 20:28:38 [INFO] - Test 83 | FAILED: I/O error: File not found: input\does_not_import_control_flow\src\main.rs | N/A: does_not_import_control_flow in 0.37ms
2024-10-02 20:28:38 [INFO] - Test 84 | FAILED: I/O error: File not found: input\extract_function_copies_comment_at_start\src\main.rs | N/A: extract_function_copies_comment_at_start in 0.43ms
2024-10-02 20:28:38 [INFO] - Test 85 | FAILED: I/O error: File not found: input\extract_function_copies_comment_in_between\src\main.rs | N/A: extract_function_copies_comment_in_between in 0.45ms
2024-10-02 20:28:38 [INFO] - Test 86 | FAILED: I/O error: File not found: input\extract_function_copies_comment_at_end\src\main.rs | N/A: extract_function_copies_comment_at_end in 0.55ms
2024-10-02 20:28:38 [INFO] - Test 87 | FAILED: I/O error: File not found: input\extract_function_copies_comment_indented\src\main.rs | N/A: extract_function_copies_comment_indented in 0.53ms
2024-10-02 20:28:38 [INFO] - Test 88 | FAILED: I/O error: File not found: input\extract_function_does_preserve_whitespace\src\main.rs | N/A: extract_function_does_preserve_whitespace in 0.47ms
2024-10-02 20:28:38 [INFO] - Test 89 | FAILED: I/O error: File not found: input\extract_function_long_form_comment\src\main.rs | N/A: extract_function_long_form_comment in 0.62ms
2024-10-02 20:28:38 [INFO] - Test 90 | FAILED: I/O error: File not found: input\it_should_not_generate_duplicate_function_names\src\main.rs | N/A: it_should_not_generate_duplicate_function_names in 0.45ms
2024-10-02 20:28:38 [INFO] - Test 91 | FAILED: I/O error: File not found: input\should_increment_suffix_until_it_finds_space\src\main.rs | N/A: should_increment_suffix_until_it_finds_space in 0.49ms
2024-10-02 20:28:38 [INFO] - Test 92 | FAILED: I/O error: File not found: input\extract_method_from_trait_impl\src\main.rs | N/A: extract_method_from_trait_impl in 0.62ms
2024-10-02 20:28:38 [INFO] - Test 93 | FAILED: I/O error: File not found: input\extract_method_from_trait_with_existing_non_empty_impl_block\src\main.rs | N/A: extract_method_from_trait_with_existing_non_empty_impl_block in 0.53ms
2024-10-02 20:28:38 [INFO] - Test 94 | FAILED: I/O error: File not found: input\extract_function_from_trait_with_existing_non_empty_impl_block\src\main.rs | N/A: extract_function_from_trait_with_existing_non_empty_impl_block in 0.44ms
2024-10-02 20:28:38 [INFO] - Test 95 | FAILED: I/O error: File not found: input\extract_method_from_trait_with_multiple_existing_impl_blocks\src\main.rs | N/A: extract_method_from_trait_with_multiple_existing_impl_blocks in 0.49ms
2024-10-02 20:28:38 [INFO] - Test 96 | FAILED: I/O error: File not found: input\extract_method_from_trait_with_multiple_existing_trait_impl_blocks\src\main.rs | N/A: extract_method_from_trait_with_multiple_existing_trait_impl_blocks in 0.68ms
2024-10-02 20:28:38 [INFO] - Test 97 | FAILED: I/O error: File not found: input\closure_arguments\src\main.rs | N/A: closure_arguments in 0.44ms
2024-10-02 20:28:38 [INFO] - Test 98 | FAILED: I/O error: File not found: input\preserve_generics\src\main.rs | N/A: preserve_generics in 0.41ms
2024-10-02 20:28:38 [INFO] - Test 99 | FAILED: I/O error: File not found: input\dont_emit_type_with_hidden_lifetime_parameter\src\main.rs | N/A: dont_emit_type_with_hidden_lifetime_parameter in 0.45ms
2024-10-02 20:28:38 [INFO] - Test 100 | FAILED: I/O error: File not found: input\preserve_generics_from_body\src\main.rs | N/A: preserve_generics_from_body in 0.40ms
2024-10-02 20:28:38 [INFO] - Test 101 | FAILED: I/O error: File not found: input\filter_unused_generics\src\main.rs | N/A: filter_unused_generics in 0.41ms
2024-10-02 20:28:38 [INFO] - Test 102 | FAILED: I/O error: File not found: input\empty_generic_param_list\src\main.rs | N/A: empty_generic_param_list in 0.46ms
2024-10-02 20:28:38 [INFO] - Test 103 | FAILED: I/O error: File not found: input\preserve_where_clause\src\main.rs | N/A: preserve_where_clause in 0.46ms
2024-10-02 20:28:38 [INFO] - Test 104 | FAILED: I/O error: File not found: input\filter_unused_where_clause\src\main.rs | N/A: filter_unused_where_clause in 0.43ms
2024-10-02 20:28:38 [INFO] - Test 105 | FAILED: I/O error: File not found: input\nested_generics\src\main.rs | N/A: nested_generics in 0.48ms
2024-10-02 20:28:38 [INFO] - Test 106 | FAILED: I/O error: File not found: input\filters_unused_nested_generics\src\main.rs | N/A: filters_unused_nested_generics in 0.48ms
2024-10-02 20:28:38 [INFO] - Test 107 | FAILED: I/O error: File not found: input\nested_where_clauses\src\main.rs | N/A: nested_where_clauses in 0.48ms
2024-10-02 20:28:38 [INFO] - Test 108 | FAILED: I/O error: File not found: input\filters_unused_nested_where_clauses\src\main.rs | N/A: filters_unused_nested_where_clauses in 0.64ms
2024-10-02 20:28:38 [INFO] - Test 109 | FAILED: I/O error: File not found: input\tail_expr_no_extra_control_flow\src\main.rs | N/A: tail_expr_no_extra_control_flow in 0.54ms
2024-10-02 20:28:38 [INFO] - Test 110 | FAILED: I/O error: File not found: input\non_tail_expr_of_tail_expr_loop\src\main.rs | N/A: non_tail_expr_of_tail_expr_loop in 0.69ms
2024-10-02 20:28:38 [INFO] - Test 111 | FAILED: I/O error: File not found: input\non_tail_expr_of_tail_if_block\src\main.rs | N/A: non_tail_expr_of_tail_if_block in 0.79ms
2024-10-02 20:28:38 [INFO] - Test 112 | FAILED: I/O error: File not found: input\tail_expr_of_tail_block_nested\src\main.rs | N/A: tail_expr_of_tail_block_nested in 0.61ms
2024-10-02 20:28:38 [INFO] - Test 113 | FAILED: I/O error: File not found: input\non_tail_expr_with_comment_of_tail_expr_loop\src\main.rs | N/A: non_tail_expr_with_comment_of_tail_expr_loop in 0.46ms
2024-10-02 20:28:38 [INFO] - Test 114 | FAILED: I/O error: File not found: input\comments_in_block_expr\src\main.rs | N/A: comments_in_block_expr in 0.40ms
2024-10-02 20:28:38 [INFO] - ------------------------------------------------------------------
2024-10-02 20:28:38 [INFO] - Total tests run: 114
2024-10-02 20:28:38 [INFO] - Tests passed stage 1: 0
2024-10-02 20:28:38 [INFO] - Tests passed: 0
2024-10-02 20:28:38 [INFO] - Tests failed: 114
2024-10-02 20:28:38 [INFO] - Total time: 104.41ms
2024-10-02 20:28:38 [INFO] - Average time per test: 0.54ms
2024-10-02 20:28:38 [INFO] - Shortest test time: 0.36ms
2024-10-02 20:28:38 [INFO] - Longest test time: 1.12ms
