2024-10-03 00:20:15 [INFO] - Application Started
2024-10-03 00:20:15 [INFO] - Running 'test' subcommand
2024-10-03 00:20:15 [INFO] - Verbose: yes
2024-10-03 00:20:15 [INFO] - Starting tests...
2024-10-03 00:20:16 [INFO] - Test 1 | FAILED: Control Flow Fixup failed for file AbsPathBuf("C:\\Coding\\rem-matt\\rem-extract\\output\\argument_and_locals") | N/A: argument_and_locals in 1.19s
2024-10-03 00:20:18 [INFO] - Test 2 | FAILED: No Extract Function Assist found for the given selection of assists [] | N/A: argument_form_expr in 1.27s
2024-10-03 00:20:19 [INFO] - Test 3 | FAILED: No Extract Function Assist found for the given selection of assists [] | N/A: argument_used_twice_form_expr in 1.37s
2024-10-03 00:20:20 [INFO] - Test 4 | FAILED: Control Flow Fixup failed for file AbsPathBuf("C:\\Coding\\rem-matt\\rem-extract\\output\\break_from_nested_and_outer_loops") | N/A: break_from_nested_and_outer_loops in 1.29s
2024-10-03 00:20:22 [INFO] - Test 5 | FAILED: Control Flow Fixup failed for file AbsPathBuf("C:\\Coding\\rem-matt\\rem-extract\\output\\break_from_nested_loop") | N/A: break_from_nested_loop in 1.50s
2024-10-03 00:20:23 [INFO] - Test 6 | PASSED | FAILED: break_loop in 1.33s
2024-10-03 00:20:24 [INFO] - Test 7 | PASSED | FAILED: break_loop_nested in 1.27s
2024-10-03 00:20:26 [INFO] - Test 8 | FAILED: No Extract Function Assist found for the given selection of assists [] | N/A: break_loop_nested_labeled in 1.26s
2024-10-03 00:20:27 [INFO] - Test 9 | PASSED | FAILED: break_loop_with_if in 1.28s
2024-10-03 00:20:28 [INFO] - Test 10 | FAILED: Control Flow Fixup failed for file AbsPathBuf("C:\\Coding\\rem-matt\\rem-extract\\output\\break_stmt") | N/A: break_stmt in 1.25s
2024-10-03 00:20:29 [INFO] - Test 11 | FAILED: Control Flow Fixup failed for file AbsPathBuf("C:\\Coding\\rem-matt\\rem-extract\\output\\break_with_value") | N/A: break_with_value in 1.21s
2024-10-03 00:20:31 [INFO] - Test 12 | FAILED: Control Flow Fixup failed for file AbsPathBuf("C:\\Coding\\rem-matt\\rem-extract\\output\\break_with_value_and_label") | N/A: break_with_value_and_label in 1.21s
2024-10-03 00:20:32 [INFO] - Test 13 | FAILED: Control Flow Fixup failed for file AbsPathBuf("C:\\Coding\\rem-matt\\rem-extract\\output\\break_with_value_and_return") | N/A: break_with_value_and_return in 1.30s
2024-10-03 00:20:33 [INFO] - Test 14 | FAILED: Control Flow Fixup failed for file AbsPathBuf("C:\\Coding\\rem-matt\\rem-extract\\output\\closure_arguments") | N/A: closure_arguments in 1.26s
2024-10-03 00:20:34 [INFO] - Test 15 | FAILED: Control Flow Fixup failed for file AbsPathBuf("C:\\Coding\\rem-matt\\rem-extract\\output\\comments_in_block_expr") | N/A: comments_in_block_expr in 1.29s
2024-10-03 00:20:36 [INFO] - Test 16 | FAILED: No Extract Function Assist found for the given selection of assists [Assist { id: AssistId("extract_variable", RefactorExtract), label: "Extract into variable", group: None, target: 58..71, source_change: None, command: None }] | N/A: continue_loop_nested_labeled in 1.32s
2024-10-03 00:20:37 [INFO] - Test 17 | FAILED: Control Flow Fixup failed for file AbsPathBuf("C:\\Coding\\rem-matt\\rem-extract\\output\\copy_custom_used_after") | N/A: copy_custom_used_after in 1.28s
2024-10-03 00:20:38 [INFO] - Test 18 | FAILED: Control Flow Fixup failed for file AbsPathBuf("C:\\Coding\\rem-matt\\rem-extract\\output\\copy_used_after") | N/A: copy_used_after in 1.23s
2024-10-03 00:20:39 [INFO] - Test 19 | FAILED: Control Flow Fixup failed for file AbsPathBuf("C:\\Coding\\rem-matt\\rem-extract\\output\\does_not_add_extra_whitespace") | N/A: does_not_add_extra_whitespace in 1.26s
2024-10-03 00:20:41 [INFO] - Test 20 | FAILED: No Extract Function Assist found for the given selection of assists [Assist { id: AssistId("extract_variable", RefactorExtract), label: "Extract into variable", group: None, target: 26..43, source_change: None, command: None }] | N/A: does_not_import_control_flow in 1.22s
2024-10-03 00:20:42 [INFO] - Test 21 | FAILED: Control Flow Fixup failed for file AbsPathBuf("C:\\Coding\\rem-matt\\rem-extract\\output\\dont_emit_type_with_hidden_lifetime_parameter") | N/A: dont_emit_type_with_hidden_lifetime_parameter in 1.32s
2024-10-03 00:20:43 [INFO] - Test 22 | FAILED: Control Flow Fixup failed for file AbsPathBuf("C:\\Coding\\rem-matt\\rem-extract\\output\\empty_generic_param_list") | N/A: empty_generic_param_list in 1.25s
2024-10-03 00:20:45 [INFO] - Test 23 | FAILED: Control Flow Fixup failed for file AbsPathBuf("C:\\Coding\\rem-matt\\rem-extract\\output\\extract_cast") | N/A: extract_cast in 1.26s
2024-10-03 00:20:46 [INFO] - Test 24 | FAILED: Control Flow Fixup failed for file AbsPathBuf("C:\\Coding\\rem-matt\\rem-extract\\output\\extract_does_not_tear_body_apart") | N/A: extract_does_not_tear_body_apart in 1.24s
2024-10-03 00:20:47 [INFO] - Test 25 | FAILED: Control Flow Fixup failed for file AbsPathBuf("C:\\Coding\\rem-matt\\rem-extract\\output\\extract_does_not_tear_comments_apart") | N/A: extract_does_not_tear_comments_apart in 1.30s
2024-10-03 00:20:48 [INFO] - Test 26 | FAILED: No Extract Function Assist found for the given selection of assists [Assist { id: AssistId("extract_variable", RefactorExtract), label: "Extract into variable", group: None, target: 35..61, source_change: None, command: None }, Assist { id: AssistId("extract_module", RefactorExtract), label: "Extract Module", group: None, target: 60..97, source_change: None, command: None }] | N/A: extract_does_not_wrap_res_in_res in 1.26s
2024-10-03 00:20:50 [INFO] - Test 27 | FAILED: No Extract Function Assist found for the given selection of assists [Assist { id: AssistId("extract_variable", RefactorExtract), label: "Extract into variable", group: None, target: 67..71, source_change: None, command: None }] | N/A: extract_from_nested in 1.31s
2024-10-03 00:20:51 [INFO] - Test 28 | FAILED: Control Flow Fixup failed for file AbsPathBuf("C:\\Coding\\rem-matt\\rem-extract\\output\\extract_function_copies_comment_at_end") | N/A: extract_function_copies_comment_at_end in 1.33s
