2024-10-16 01:47:47 [INFO] - Application Started
2024-10-16 01:47:47 [INFO] - Running 'test' subcommand
2024-10-16 01:47:47 [INFO] - Verbose: yes
2024-10-16 01:47:47 [INFO] - Starting tests...
2024-10-16 01:47:50 [INFO] - Test 1 | PASSED | PASSED | PASSED: argument_and_locals in 1.74s
2024-10-16 01:47:51 [INFO] - Test 2 | PASSED | PASSED | PASSED: argument_form_expr in 1.60s
2024-10-16 01:47:53 [INFO] - Test 3 | PASSED | PASSED | PASSED: argument_used_twice_form_expr in 1.62s
2024-10-16 01:47:55 [INFO] - Test 4 | PASSED | PASSED | PASSED: break_from_nested_and_outer_loops in 1.64s
2024-10-16 01:47:57 [INFO] - Test 5 | PASSED | PASSED | PASSED: break_from_nested_loop in 1.55s
2024-10-16 01:47:59 [INFO] - Test 6 | PASSED | PASSED | PASSED: break_loop in 1.56s
2024-10-16 01:48:01 [INFO] - Test 7 | PASSED | PASSED | PASSED: break_loop_nested in 1.52s
2024-10-16 01:48:03 [INFO] - Test 8 | PASSED | PASSED | PASSED: break_loop_nested_labeled in 1.52s
2024-10-16 01:48:04 [INFO] - Test 9 | PASSED | PASSED | PASSED: break_loop_with_if in 1.53s
2024-10-16 01:48:06 [INFO] - Test 10 | PASSED | PASSED | FAILED: break_stmt in 1.61s
2024-10-16 01:48:08 [INFO] - Test 11 | PASSED | PASSED | PASSED: break_with_value in 1.51s
2024-10-16 01:48:10 [INFO] - Test 12 | PASSED | PASSED | PASSED: break_with_value_and_label in 1.52s
2024-10-16 01:48:12 [INFO] - Test 13 | PASSED | PASSED | PASSED: break_with_value_and_return in 1.60s
2024-10-16 01:48:13 [INFO] - Test 14 | PASSED | PASSED | PASSED: closure_arguments in 1.53s
2024-10-16 01:48:15 [INFO] - Test 15 | PASSED | PASSED | PASSED: comments_in_block_expr in 1.51s
2024-10-16 01:48:17 [INFO] - Test 16 | PASSED | PASSED | PASSED: continue_loop_nested_labeled in 1.57s
2024-10-16 01:48:19 [INFO] - Test 17 | PASSED | FAILED | PASSED: copy_custom_used_after in 1.60s
2024-10-16 01:48:21 [INFO] - Test 18 | PASSED | FAILED | PASSED: copy_used_after in 1.51s
2024-10-16 01:48:22 [INFO] - Test 19 | PASSED | PASSED | PASSED: does_not_add_extra_whitespace in 1.53s
2024-10-16 01:48:24 [INFO] - Test 20 | PASSED | PASSED | PASSED: does_not_import_control_flow in 1.62s
2024-10-16 01:48:26 [INFO] - Test 21 | PASSED | PASSED | FAILED: dont_emit_type_with_hidden_lifetime_parameter in 1.70s
2024-10-16 01:48:28 [INFO] - Test 22 | PASSED | PASSED | FAILED: empty_generic_param_list in 1.83s
2024-10-16 01:48:30 [INFO] - Test 23 | PASSED | PASSED | FAILED: extract_cast in 1.63s
2024-10-16 01:48:32 [INFO] - Test 24 | PASSED | PASSED | PASSED: extract_does_not_tear_body_apart in 1.52s
2024-10-16 01:48:34 [INFO] - Test 25 | PASSED | PASSED | PASSED: extract_does_not_tear_comments_apart in 1.59s
2024-10-16 01:48:35 [INFO] - Test 26 | PASSED | FAILED | FAILED: extract_does_not_wrap_res_in_res in 1.54s
2024-10-16 01:48:37 [INFO] - Test 27 | PASSED | Error: Parse error: expected `,` | FAILED: extract_from_nested in 1.51s
2024-10-16 01:48:39 [INFO] - Test 28 | PASSED | PASSED | PASSED: extract_function_copies_comment_at_end in 1.54s
2024-10-16 01:48:41 [INFO] - Test 29 | PASSED | PASSED | PASSED: extract_function_copies_comment_at_start in 1.54s
2024-10-16 01:48:43 [INFO] - Test 30 | PASSED | PASSED | PASSED: extract_function_copies_comment_in_between in 1.50s
2024-10-16 01:48:45 [INFO] - Test 31 | PASSED | PASSED | PASSED: extract_function_copies_comment_indented in 1.54s
2024-10-16 01:48:47 [INFO] - Test 32 | PASSED | PASSED | PASSED: extract_function_does_preserve_whitespace in 1.71s
2024-10-16 01:48:48 [INFO] - Test 33 | PASSED | PASSED | PASSED: extract_function_from_trait_with_existing_non_empty_impl_block in 1.55s
2024-10-16 01:48:50 [INFO] - Test 34 | PASSED | PASSED | PASSED: extract_function_long_form_comment in 1.60s
2024-10-16 01:48:52 [INFO] - Test 35 | PASSED | PASSED | PASSED: extract_method_from_trait_impl in 1.59s
2024-10-16 01:48:54 [INFO] - Test 36 | PASSED | PASSED | PASSED: extract_method_from_trait_with_existing_non_empty_impl_block in 1.45s
2024-10-16 01:48:56 [INFO] - Test 37 | PASSED | PASSED | PASSED: extract_method_from_trait_with_multiple_existing_impl_blocks in 1.57s
2024-10-16 01:48:58 [INFO] - Test 38 | PASSED | PASSED | PASSED: extract_method_from_trait_with_multiple_existing_trait_impl_blocks in 1.62s
2024-10-16 01:48:59 [INFO] - Test 39 | PASSED | PASSED | PASSED: extract_mut_ref_param_has_no_mut_binding_in_loop in 1.47s
2024-10-16 01:49:01 [INFO] - Test 40 | PASSED | PASSED | PASSED: extract_partial_block in 1.66s
2024-10-16 01:49:03 [INFO] - Test 41 | PASSED | PASSED | PASSED: extract_partial_block_single_line in 1.58s
2024-10-16 01:49:05 [INFO] - Test 42 | PASSED | PASSED | PASSED: extract_return_stmt in 1.52s
2024-10-16 01:49:06 [INFO] - Test 43 | PASSED | PASSED | FAILED: extract_with_await in 1.53s
2024-10-16 01:49:08 [INFO] - Test 44 | FAILED: No Extract Function Assist found for the given selection of assists [Assist { id: AssistId("extract_variable", RefactorExtract), label: "Extract into variable", group: None, target: 40..54, source_change: None, command: None }] | N/A | N/A: extract_with_await_and_result_not_producing_match_expr in 1.60s
2024-10-16 01:49:10 [INFO] - Test 45 | PASSED | PASSED | FAILED: extract_with_await_and_result_producing_match_expr in 1.50s
2024-10-16 01:49:11 [INFO] - Test 46 | PASSED | PASSED | FAILED: extract_with_await_in_args in 1.51s
2024-10-16 01:49:13 [INFO] - Test 47 | FAILED: No Extract Function Assist found for the given selection of assists [] | N/A | N/A: extract_with_macro_arg in 1.59s
2024-10-16 01:49:15 [INFO] - Test 48 | PASSED | PASSED | FAILED: filter_unused_generics in 1.53s
2024-10-16 01:49:16 [INFO] - Test 49 | PASSED | PASSED | FAILED: filter_unused_where_clause in 1.62s
2024-10-16 01:49:18 [INFO] - Test 50 | PASSED | PASSED | FAILED: filters_unused_nested_generics in 1.63s
2024-10-16 01:49:20 [INFO] - Test 51 | PASSED | PASSED | FAILED: filters_unused_nested_where_clauses in 1.54s
2024-10-16 01:49:22 [INFO] - Test 52 | PASSED | PASSED | FAILED: function_expr in 1.64s
2024-10-16 01:49:25 [INFO] - Test 53 | PASSED | PASSED | PASSED: indented_stmts in 2.52s
2024-10-16 01:49:27 [INFO] - Test 54 | PASSED | PASSED | PASSED: indented_stmts_inside_mod in 1.76s
2024-10-16 01:49:29 [INFO] - Test 55 | PASSED | PASSED | PASSED: it_should_not_generate_duplicate_function_names in 1.60s
2024-10-16 01:49:31 [INFO] - Test 56 | PASSED | PASSED | PASSED: method_to_freestanding in 1.80s
2024-10-16 01:49:33 [INFO] - Test 57 | PASSED | PASSED | PASSED: method_with_mut in 1.64s
2024-10-16 01:49:34 [INFO] - Test 58 | PASSED | PASSED | PASSED: method_with_reference in 1.58s
2024-10-16 01:49:36 [INFO] - Test 59 | PASSED | PASSED | PASSED: multi_variables_defined_inside_and_used_after_mutably_no_ret in 1.57s
2024-10-16 01:49:38 [INFO] - Test 60 | PASSED | PASSED | PASSED: mut_field_from_outer_scope in 1.50s
2024-10-16 01:49:40 [INFO] - Test 61 | PASSED | PASSED | PASSED: mut_method_call in 1.55s
2024-10-16 01:49:42 [INFO] - Test 62 | PASSED | PASSED | PASSED: mut_nested_field_from_outer_scope in 1.58s
2024-10-16 01:49:44 [INFO] - Test 63 | PASSED | PASSED | PASSED: mut_param_because_of_mut_ref in 1.54s
2024-10-16 01:49:45 [INFO] - Test 64 | PASSED | PASSED | FAILED: mut_param_many_usages_expr in 1.59s
2024-10-16 01:49:47 [INFO] - Test 65 | PASSED | PASSED | FAILED: mut_param_many_usages_stmt in 1.50s
2024-10-16 01:49:49 [INFO] - Test 66 | PASSED | PASSED | PASSED: mut_var_from_outer_scope in 1.62s
2024-10-16 01:49:51 [INFO] - Test 67 | PASSED | PASSED | PASSED: nested_generics in 1.56s
2024-10-16 01:49:52 [INFO] - Test 68 | PASSED | PASSED | PASSED: nested_where_clauses in 1.54s
2024-10-16 01:49:54 [INFO] - Test 69 | PASSED | PASSED | PASSED: no_args_for in 1.58s
2024-10-16 01:49:56 [INFO] - Test 70 | PASSED | PASSED | FAILED: no_args_from_binary_expr in 1.55s
2024-10-16 01:49:58 [INFO] - Test 71 | PASSED | PASSED | FAILED: no_args_from_binary_expr_in_module in 1.58s
2024-10-16 01:50:00 [INFO] - Test 72 | PASSED | PASSED | PASSED: no_args_from_binary_expr_indented in 1.67s
2024-10-16 01:50:02 [INFO] - Test 73 | PASSED | PASSED | PASSED: no_args_from_loop_unit in 1.51s
2024-10-16 01:50:03 [INFO] - Test 74 | PASSED | PASSED | PASSED: no_args_from_loop_with_return in 1.52s
2024-10-16 01:50:05 [INFO] - Test 75 | PASSED | PASSED | PASSED: no_args_from_match in 1.62s
2024-10-16 01:50:07 [INFO] - Test 76 | PASSED | PASSED | PASSED: no_args_from_stmt_unit in 1.71s
2024-10-16 01:50:09 [INFO] - Test 77 | PASSED | PASSED | PASSED: no_args_from_stmt_with_last_expr in 1.50s
2024-10-16 01:50:11 [INFO] - Test 78 | PASSED | PASSED | PASSED: no_args_if in 1.53s
2024-10-16 01:50:13 [INFO] - Test 79 | PASSED | PASSED | PASSED: no_args_if_else in 1.59s
2024-10-16 01:50:15 [INFO] - Test 80 | PASSED | PASSED | PASSED: no_args_if_let_else in 1.53s
2024-10-16 01:50:16 [INFO] - Test 81 | PASSED | PASSED | PASSED: no_args_match in 1.60s
2024-10-16 01:50:18 [INFO] - Test 82 | PASSED | PASSED | PASSED: no_args_while in 1.68s
2024-10-16 01:50:20 [INFO] - Test 83 | PASSED | FAILED | PASSED: non_tail_expr_of_tail_expr_loop in 1.68s
2024-10-16 01:50:22 [INFO] - Test 84 | PASSED | FAILED | FAILED: non_tail_expr_of_tail_if_block in 1.64s
2024-10-16 01:50:24 [INFO] - Test 85 | PASSED | FAILED | PASSED: non_tail_expr_with_comment_of_tail_expr_loop in 1.54s
2024-10-16 01:50:26 [INFO] - Test 86 | PASSED | PASSED | PASSED: nontrivial_patterns_define_variables in 1.60s
2024-10-16 01:50:28 [INFO] - Test 87 | PASSED | PASSED | FAILED: param_from_closure in 1.51s
2024-10-16 01:50:29 [INFO] - Test 88 | FAILED: No Extract Function Assist found for the given selection of assists [] | N/A | N/A: param_usage_in_macro in 1.64s
2024-10-16 01:50:31 [INFO] - Test 89 | FAILED: No Extract Function Assist found for the given selection of assists [] | N/A | N/A: param_usage_in_macro_with_nested_tt in 1.57s
2024-10-16 01:50:32 [INFO] - Test 90 | FAILED: No Extract Function Assist found for the given selection of assists [Assist { id: AssistId("extract_variable", RefactorExtract), label: "Extract into variable", group: None, target: 116..117, source_change: None, command: None }] | N/A | N/A: param_usage_in_macro_with_nested_tt_2 in 1.50s
2024-10-16 01:50:34 [INFO] - Test 91 | PASSED | PASSED | PASSED: part_of_expr_stmt in 1.50s
2024-10-16 01:50:36 [INFO] - Test 92 | PASSED | PASSED | FAILED: preserve_generics in 1.59s
2024-10-16 01:50:38 [INFO] - Test 93 | PASSED | PASSED | PASSED: preserve_generics_from_body in 1.76s
2024-10-16 01:50:40 [INFO] - Test 94 | PASSED | PASSED | FAILED: preserve_where_clause in 1.82s
2024-10-16 01:50:42 [INFO] - Test 95 | PASSED | PASSED | PASSED: reference_mutable_param_with_further_usages in 1.72s
2024-10-16 01:50:44 [INFO] - Test 96 | PASSED | PASSED | PASSED: reference_mutable_param_without_further_usages in 1.64s
2024-10-16 01:50:46 [INFO] - Test 97 | PASSED | PASSED | PASSED: return_from_nested_fn in 1.81s
2024-10-16 01:50:48 [INFO] - Test 98 | PASSED | PASSED | PASSED: return_from_nested_loop in 1.72s
2024-10-16 01:50:50 [INFO] - Test 99 | PASSED | FAILED | PASSED: return_to_parent in 1.82s
2024-10-16 01:50:52 [INFO] - Test 100 | PASSED | PASSED | PASSED: should_increment_suffix_until_it_finds_space in 1.63s
2024-10-16 01:50:54 [INFO] - Test 101 | PASSED | Error: Parse error: expected `;` | FAILED: struct_with_two_fields_pattern_define_variables in 1.55s
2024-10-16 01:50:56 [INFO] - Test 102 | PASSED | FAILED | FAILED: tail_expr_no_extra_control_flow in 1.75s
2024-10-16 01:50:58 [INFO] - Test 103 | PASSED | FAILED | FAILED: tail_expr_of_tail_block_nested in 1.63s
2024-10-16 01:51:00 [INFO] - Test 104 | PASSED | FAILED | FAILED: try_and_return_ok in 1.83s
2024-10-16 01:51:01 [INFO] - Test 105 | PASSED | FAILED | FAILED: try_option in 1.65s
2024-10-16 01:51:03 [INFO] - Test 106 | PASSED | FAILED | FAILED: try_option_unit in 1.91s
2024-10-16 01:51:05 [INFO] - Test 107 | PASSED | FAILED | FAILED: try_option_with_return in 1.75s
2024-10-16 01:51:07 [INFO] - Test 108 | PASSED | FAILED | FAILED: try_result in 1.65s
2024-10-16 01:51:09 [INFO] - Test 109 | PASSED | FAILED | FAILED: try_result_with_return in 1.87s
2024-10-16 01:51:11 [INFO] - Test 110 | PASSED | PASSED | PASSED: two_arguments_form_expr in 1.69s
2024-10-16 01:51:13 [INFO] - Test 111 | PASSED | PASSED | PASSED: two_variables_defined_inside_and_used_after_no_ret in 1.80s
2024-10-16 01:51:15 [INFO] - Test 112 | PASSED | PASSED | FAILED: unresolveable_types_default_to_placeholder in 1.62s
2024-10-16 01:51:18 [INFO] - Test 113 | PASSED | PASSED | PASSED: variable_defined_inside_and_used_after_mutably_no_ret in 1.98s
2024-10-16 01:51:20 [INFO] - Test 114 | PASSED | PASSED | PASSED: variable_defined_inside_and_used_after_no_ret in 1.91s
2024-10-16 01:51:20 [INFO] - ------------------------------------------------------------------
2024-10-16 01:51:20 [INFO] - Total tests run: 114
2024-10-16 01:51:20 [INFO] - Tests passed stage 1: 109
2024-10-16 01:51:20 [INFO] - Tests passed: 92
2024-10-16 01:51:20 [INFO] - Tests failed: 22
2024-10-16 01:51:20 [INFO] - Total time: 212.34s
2024-10-16 01:51:20 [INFO] - Average time per test: 1.62s
2024-10-16 01:51:20 [INFO] - Shortest test time: 1.45s
2024-10-16 01:51:20 [INFO] - Longest test time: 2.52s
