2024-10-02 17:07:19 [INFO] - Application Started
2024-10-02 17:07:19 [INFO] - Running 'test' subcommand
2024-10-02 17:07:19 [INFO] - Verbose: no
2024-10-02 17:07:19 [INFO] - Starting tests...
2024-10-02 17:07:20 [INFO] - Test 1 | FAILED: Invalid column range | N/A: no_args_from_binary_expr in 450.31ms
2024-10-02 17:07:20 [INFO] - Test 2 | FAILED: Invalid column range | N/A: no_args_from_binary_expr_in_module in 371.52ms
2024-10-02 17:07:20 [INFO] - Test 3 | FAILED: Invalid column range | N/A: no_args_from_binary_expr_indented in 364.84ms
2024-10-02 17:07:21 [INFO] - Test 4 | FAILED: I/O error: The system cannot find the file specified. (os error 2) | N/A: no_args_from_stmt_with_last_expr in 378.60ms
2024-10-02 17:07:21 [INFO] - Test 5 | FAILED: I/O error: The system cannot find the file specified. (os error 2) | N/A: no_args_from_stmt_unit in 367.81ms
2024-10-02 17:07:22 [INFO] - Test 6 | FAILED: Invalid column range | N/A: no_args_if in 403.30ms
2024-10-02 17:07:22 [INFO] - Test 7 | FAILED: Invalid column range | N/A: no_args_if_else in 364.07ms
2024-10-02 17:07:23 [INFO] - Test 8 | FAILED: Invalid column range | N/A: no_args_if_let_else in 760.37ms
2024-10-02 17:07:24 [INFO] - Test 9 | FAILED: I/O error: The system cannot find the file specified. (os error 2) | N/A: no_args_match in 758.32ms
2024-10-02 17:07:24 [INFO] - Test 10 | FAILED: Invalid column range | N/A: no_args_while in 516.28ms
2024-10-02 17:07:25 [INFO] - Test 11 | FAILED: Invalid column range | N/A: no_args_for in 926.00ms
2024-10-02 17:07:26 [INFO] - Test 12 | FAILED: I/O error: The system cannot find the file specified. (os error 2) | N/A: no_args_from_loop_unit in 592.79ms
2024-10-02 17:07:26 [INFO] - Test 13 | FAILED: I/O error: The system cannot find the file specified. (os error 2) | N/A: no_args_from_loop_with_return in 423.79ms
2024-10-02 17:07:27 [INFO] - Test 14 | FAILED: I/O error: The system cannot find the file specified. (os error 2) | N/A: no_args_from_match in 863.58ms
2024-10-02 17:07:28 [INFO] - Test 15 | FAILED: Invalid column range | N/A: extract_partial_block_single_line in 638.00ms
2024-10-02 17:07:28 [INFO] - Test 16 | FAILED: Invalid column range | N/A: extract_partial_block in 367.99ms
2024-10-02 17:07:29 [INFO] - Test 17 | FAILED: Invalid column range | N/A: argument_form_expr in 658.55ms
2024-10-02 17:07:29 [INFO] - Test 18 | FAILED: Invalid column range | N/A: argument_used_twice_form_expr in 802.33ms
2024-10-02 17:07:30 [INFO] - Test 19 | FAILED: Invalid column range | N/A: two_arguments_form_expr in 369.90ms
2024-10-02 17:07:30 [INFO] - Test 20 | FAILED: I/O error: The system cannot find the file specified. (os error 2) | N/A: argument_and_locals in 683.10ms
2024-10-02 17:07:31 [INFO] - Test 21 | FAILED: Invalid column range | N/A: part_of_expr_stmt in 876.65ms
2024-10-02 17:07:32 [INFO] - Test 22 | FAILED: Invalid column range | N/A: function_expr in 380.33ms
2024-10-02 17:07:32 [INFO] - Test 23 | FAILED: I/O error: The system cannot find the file specified. (os error 2) | N/A: extract_from_nested in 632.37ms
2024-10-02 17:07:33 [INFO] - Test 24 | FAILED: Invalid column range | N/A: param_from_closure in 906.17ms
2024-10-02 17:07:34 [INFO] - Test 25 | FAILED: Invalid column range | N/A: extract_return_stmt in 465.22ms
2024-10-02 17:07:34 [INFO] - Test 26 | FAILED: Invalid column range | N/A: does_not_add_extra_whitespace in 689.62ms
2024-10-02 17:07:35 [INFO] - Test 27 | FAILED: Invalid column range | N/A: break_stmt in 957.24ms
2024-10-02 17:07:36 [INFO] - Test 28 | FAILED: Invalid column range | N/A: extract_cast in 384.67ms
2024-10-02 17:07:36 [INFO] - Test 29 | FAILED: Invalid column range | N/A: method_to_freestanding in 579.91ms
2024-10-02 17:07:37 [INFO] - Test 30 | FAILED: Invalid column range | N/A: method_with_reference in 909.68ms
2024-10-02 17:07:38 [INFO] - Test 31 | FAILED: Invalid column range | N/A: method_with_mut in 443.04ms
2024-10-02 17:07:38 [INFO] - Test 32 | FAILED: I/O error: The system cannot find the file specified. (os error 2) | N/A: variable_defined_inside_and_used_after_no_ret in 408.82ms
2024-10-02 17:07:39 [INFO] - Test 33 | FAILED: I/O error: The system cannot find the file specified. (os error 2) | N/A: variable_defined_inside_and_used_after_mutably_no_ret in 830.57ms
2024-10-02 17:07:39 [INFO] - Test 34 | FAILED: I/O error: The system cannot find the file specified. (os error 2) | N/A: two_variables_defined_inside_and_used_after_no_ret in 419.14ms
2024-10-02 17:07:40 [INFO] - Test 35 | FAILED: I/O error: The system cannot find the file specified. (os error 2) | N/A: multi_variables_defined_inside_and_used_after_mutably_no_ret in 406.34ms
2024-10-02 17:07:41 [INFO] - Test 36 | FAILED: I/O error: The system cannot find the file specified. (os error 2) | N/A: nontrivial_patterns_define_variables in 1.01s
2024-10-02 17:07:41 [INFO] - Test 37 | FAILED: I/O error: The system cannot find the file specified. (os error 2) | N/A: struct_with_two_fields_pattern_define_variables in 413.46ms
2024-10-02 17:07:42 [INFO] - Test 38 | FAILED: I/O error: The system cannot find the file specified. (os error 2) | N/A: mut_var_from_outer_scope in 463.32ms
2024-10-02 17:07:43 [INFO] - Test 39 | FAILED: I/O error: The system cannot find the file specified. (os error 2) | N/A: mut_field_from_outer_scope in 844.13ms
2024-10-02 17:07:43 [INFO] - Test 40 | FAILED: I/O error: The system cannot find the file specified. (os error 2) | N/A: mut_nested_field_from_outer_scope in 679.75ms
2024-10-02 17:07:44 [INFO] - Test 41 | FAILED: I/O error: The system cannot find the file specified. (os error 2) | N/A: mut_param_many_usages_stmt in 403.15ms
2024-10-02 17:07:45 [INFO] - Test 42 | FAILED: I/O error: The system cannot find the file specified. (os error 2) | N/A: mut_param_many_usages_expr in 918.05ms
2024-10-02 17:07:45 [INFO] - Test 43 | FAILED: I/O error: The system cannot find the file specified. (os error 2) | N/A: mut_param_because_of_mut_ref in 599.00ms
2024-10-02 17:07:46 [INFO] - Test 44 | FAILED: Invalid column range | N/A: mut_method_call in 417.28ms
2024-10-02 17:07:46 [INFO] - Test 45 | FAILED: I/O error: The system cannot find the file specified. (os error 2) | N/A: copy_used_after in 846.01ms
2024-10-02 17:07:47 [INFO] - Test 46 | FAILED: I/O error: The system cannot find the file specified. (os error 2) | N/A: copy_custom_used_after in 710.26ms
2024-10-02 17:07:48 [INFO] - Test 47 | FAILED: I/O error: The system cannot find the file specified. (os error 2) | N/A: indented_stmts in 390.53ms
2024-10-02 17:07:49 [INFO] - Test 48 | FAILED: I/O error: The system cannot find the file specified. (os error 2) | N/A: indented_stmts_inside_mod in 946.85ms
2024-10-02 17:07:49 [INFO] - Test 49 | FAILED: I/O error: The system cannot find the file specified. (os error 2) | N/A: break_loop in 532.01ms
2024-10-02 17:07:50 [INFO] - Test 50 | FAILED: I/O error: The system cannot find the file specified. (os error 2) | N/A: return_to_parent in 421.75ms
2024-10-02 17:07:50 [INFO] - Test 51 | FAILED: I/O error: The system cannot find the file specified. (os error 2) | N/A: break_loop_with_if in 761.55ms
2024-10-02 17:07:51 [INFO] - Test 52 | FAILED: I/O error: The system cannot find the file specified. (os error 2) | N/A: break_loop_nested in 696.09ms
2024-10-02 17:07:51 [INFO] - Test 53 | FAILED: Invalid column range | N/A: break_loop_nested_labeled in 387.64ms
2024-10-02 17:07:52 [INFO] - Test 54 | FAILED: Invalid column range | N/A: continue_loop_nested_labeled in 695.45ms
2024-10-02 17:07:53 [INFO] - Test 55 | FAILED: Invalid column range | N/A: return_from_nested_loop in 784.98ms
2024-10-02 17:07:53 [INFO] - Test 56 | FAILED: I/O error: The system cannot find the file specified. (os error 2) | N/A: break_from_nested_loop in 365.57ms
2024-10-02 17:07:54 [INFO] - Test 57 | FAILED: I/O error: The system cannot find the file specified. (os error 2) | N/A: break_from_nested_and_outer_loops in 532.10ms
2024-10-02 17:07:55 [INFO] - Test 58 | FAILED: I/O error: The system cannot find the file specified. (os error 2) | N/A: return_from_nested_fn in 985.56ms
2024-10-02 17:07:55 [INFO] - Test 59 | FAILED: I/O error: The system cannot find the file specified. (os error 2) | N/A: break_with_value in 429.77ms
2024-10-02 17:07:56 [INFO] - Test 60 | FAILED: I/O error: The system cannot find the file specified. (os error 2) | N/A: break_with_value_and_label in 472.87ms
2024-10-02 17:07:57 [INFO] - Test 61 | FAILED: Invalid column range | N/A: break_with_value_and_return in 950.20ms
2024-10-02 17:07:57 [INFO] - Test 62 | FAILED: I/O error: The system cannot find the file specified. (os error 2) | N/A: try_option in 652.44ms
2024-10-02 17:07:58 [INFO] - Test 63 | FAILED: I/O error: The system cannot find the file specified. (os error 2) | N/A: try_option_unit in 418.88ms
2024-10-02 17:07:59 [INFO] - Test 64 | FAILED: I/O error: The system cannot find the file specified. (os error 2) | N/A: try_result in 963.12ms
2024-10-02 17:07:59 [INFO] - Test 65 | FAILED: I/O error: The system cannot find the file specified. (os error 2) | N/A: try_option_with_return in 785.60ms
2024-10-02 17:08:00 [INFO] - Test 66 | FAILED: I/O error: The system cannot find the file specified. (os error 2) | N/A: try_result_with_return in 435.41ms
2024-10-02 17:08:01 [INFO] - Test 67 | FAILED: I/O error: The system cannot find the file specified. (os error 2) | N/A: try_and_return_ok in 918.62ms
2024-10-02 17:08:02 [INFO] - Test 68 | FAILED: I/O error: The system cannot find the file specified. (os error 2) | N/A: param_usage_in_macro in 837.81ms
2024-10-02 17:08:02 [INFO] - Test 69 | FAILED: I/O error: The system cannot find the file specified. (os error 2) | N/A: param_usage_in_macro_with_nested_tt in 418.79ms
2024-10-02 17:08:03 [INFO] - Test 70 | FAILED: I/O error: The system cannot find the file specified. (os error 2) | N/A: param_usage_in_macro_with_nested_tt_2 in 820.99ms
2024-10-02 17:08:04 [INFO] - Test 71 | FAILED: Invalid column range | N/A: extract_with_await in 853.37ms
2024-10-02 17:08:04 [INFO] - Test 72 | FAILED: I/O error: The system cannot find the file specified. (os error 2) | N/A: extract_with_await_and_result_not_producing_match_expr in 433.99ms
2024-10-02 17:08:05 [INFO] - Test 73 | FAILED: I/O error: The system cannot find the file specified. (os error 2) | N/A: extract_with_await_and_result_producing_match_expr in 1.05s
2024-10-02 17:08:06 [INFO] - Test 74 | FAILED: Invalid column range | N/A: extract_with_await_in_args in 583.77ms
2024-10-02 17:08:06 [INFO] - Test 75 | FAILED: I/O error: The system cannot find the file specified. (os error 2) | N/A: extract_does_not_tear_comments_apart in 417.62ms
2024-10-02 17:08:07 [INFO] - Test 76 | FAILED: Invalid column range | N/A: extract_does_not_tear_body_apart in 860.59ms
2024-10-02 17:08:08 [INFO] - Test 77 | FAILED: I/O error: The system cannot find the file specified. (os error 2) | N/A: extract_does_not_wrap_res_in_res in 676.80ms
2024-10-02 17:08:08 [INFO] - Test 78 | FAILED: Invalid column range | N/A: extract_mut_ref_param_has_no_mut_binding_in_loop in 478.56ms
2024-10-02 17:08:09 [INFO] - Test 79 | FAILED: Invalid column range | N/A: extract_with_macro_arg in 978.29ms
2024-10-02 17:08:10 [INFO] - Test 80 | FAILED: Invalid column range | N/A: unresolveable_types_default_to_placeholder in 667.13ms
2024-10-02 17:08:10 [INFO] - Test 81 | FAILED: I/O error: The system cannot find the file specified. (os error 2) | N/A: reference_mutable_param_with_further_usages in 428.48ms
2024-10-02 17:08:11 [INFO] - Test 82 | FAILED: Invalid column range | N/A: reference_mutable_param_without_further_usages in 834.53ms
2024-10-02 17:08:12 [INFO] - Test 83 | FAILED: Invalid column range | N/A: does_not_import_control_flow in 673.09ms
2024-10-02 17:08:12 [INFO] - Test 84 | FAILED: I/O error: The system cannot find the file specified. (os error 2) | N/A: extract_function_copies_comment_at_start in 491.80ms
2024-10-02 17:08:13 [INFO] - Test 85 | FAILED: Invalid column range | N/A: extract_function_copies_comment_in_between in 856.15ms
2024-10-02 17:08:14 [INFO] - Test 86 | FAILED: I/O error: The system cannot find the file specified. (os error 2) | N/A: extract_function_copies_comment_at_end in 800.02ms
2024-10-02 17:08:15 [INFO] - Test 87 | FAILED: I/O error: The system cannot find the file specified. (os error 2) | N/A: extract_function_copies_comment_indented in 489.48ms
2024-10-02 17:08:15 [INFO] - Test 88 | FAILED: Invalid column range | N/A: extract_function_does_preserve_whitespace in 802.08ms
2024-10-02 17:08:16 [INFO] - Test 89 | FAILED: I/O error: The system cannot find the file specified. (os error 2) | N/A: extract_function_long_form_comment in 755.77ms
2024-10-02 17:08:17 [INFO] - Test 90 | FAILED: Invalid column range | N/A: it_should_not_generate_duplicate_function_names in 448.79ms
2024-10-02 17:08:18 [INFO] - Test 91 | FAILED: Invalid column range | N/A: should_increment_suffix_until_it_finds_space in 1.03s
2024-10-02 17:08:18 [INFO] - Test 92 | FAILED: Invalid column range | N/A: extract_method_from_trait_impl in 605.47ms
2024-10-02 17:08:19 [INFO] - Test 93 | FAILED: Invalid column range | N/A: extract_method_from_trait_with_existing_non_empty_impl_block in 489.00ms
2024-10-02 17:08:20 [INFO] - Test 94 | FAILED: I/O error: The system cannot find the file specified. (os error 2) | N/A: extract_function_from_trait_with_existing_non_empty_impl_block in 1.06s
2024-10-02 17:08:20 [INFO] - Test 95 | FAILED: Invalid column range | N/A: extract_method_from_trait_with_multiple_existing_impl_blocks in 578.44ms
2024-10-02 17:08:21 [INFO] - Test 96 | FAILED: Invalid column range | N/A: extract_method_from_trait_with_multiple_existing_trait_impl_blocks in 454.02ms
2024-10-02 17:08:22 [INFO] - Test 97 | FAILED: Invalid column range | N/A: closure_arguments in 973.65ms
2024-10-02 17:08:22 [INFO] - Test 98 | FAILED: Invalid column range | N/A: preserve_generics in 583.72ms
2024-10-02 17:08:23 [INFO] - Test 99 | FAILED: Invalid column range | N/A: dont_emit_type_with_hidden_lifetime_parameter in 398.75ms
2024-10-02 17:08:24 [INFO] - Test 100 | FAILED: Invalid column range | N/A: preserve_generics_from_body in 694.22ms
2024-10-02 17:08:24 [INFO] - Test 101 | FAILED: Invalid column range | N/A: filter_unused_generics in 853.94ms
2024-10-02 17:08:25 [INFO] - Test 102 | FAILED: Invalid column range | N/A: empty_generic_param_list in 361.65ms
2024-10-02 17:08:25 [INFO] - Test 103 | FAILED: Invalid column range | N/A: preserve_where_clause in 470.86ms
2024-10-02 17:08:26 [INFO] - Test 104 | FAILED: Invalid column range | N/A: filter_unused_where_clause in 1.06s
2024-10-02 17:08:27 [INFO] - Test 105 | FAILED: Invalid column range | N/A: nested_generics in 384.44ms
2024-10-02 17:08:27 [INFO] - Test 106 | FAILED: Invalid column range | N/A: filters_unused_nested_generics in 428.97ms
2024-10-02 17:08:28 [INFO] - Test 107 | FAILED: Invalid column range | N/A: nested_where_clauses in 1.03s
2024-10-02 17:08:29 [INFO] - Test 108 | FAILED: Invalid column range | N/A: filters_unused_nested_where_clauses in 445.47ms
2024-10-02 17:08:29 [INFO] - Test 109 | FAILED: I/O error: The system cannot find the file specified. (os error 2) | N/A: tail_expr_no_extra_control_flow in 432.28ms
2024-10-02 17:08:30 [INFO] - Test 110 | FAILED: I/O error: The system cannot find the file specified. (os error 2) | N/A: non_tail_expr_of_tail_expr_loop in 918.63ms
2024-10-02 17:08:31 [INFO] - Test 111 | FAILED: I/O error: The system cannot find the file specified. (os error 2) | N/A: non_tail_expr_of_tail_if_block in 685.24ms
2024-10-02 17:08:31 [INFO] - Test 112 | FAILED: I/O error: The system cannot find the file specified. (os error 2) | N/A: tail_expr_of_tail_block_nested in 449.16ms
2024-10-02 17:08:32 [INFO] - Test 113 | FAILED: I/O error: The system cannot find the file specified. (os error 2) | N/A: non_tail_expr_with_comment_of_tail_expr_loop in 924.36ms
2024-10-02 17:08:33 [INFO] - Test 114 | FAILED: I/O error: The system cannot find the file specified. (os error 2) | N/A: comments_in_block_expr in 823.19ms
2024-10-02 17:08:33 [INFO] - ------------------------------------------------------------------
2024-10-02 17:08:33 [INFO] - Total tests run: 114
2024-10-02 17:08:33 [INFO] - Tests passed stage 1: 0
2024-10-02 17:08:33 [INFO] - Tests passed: 0
2024-10-02 17:08:33 [INFO] - Tests failed: 114
2024-10-02 17:08:33 [INFO] - Total time: 73.63s
2024-10-02 17:08:33 [INFO] - Average time per test: 640.10ms
2024-10-02 17:08:33 [INFO] - Shortest test time: 361.65ms
2024-10-02 17:08:33 [INFO] - Longest test time: 1.06s
