2024-10-02 17:11:20 [INFO] - Application Started
2024-10-02 17:11:20 [INFO] - Running 'test' subcommand
2024-10-02 17:11:20 [INFO] - Verbose: no
2024-10-02 17:11:20 [INFO] - Starting tests...
2024-10-02 17:11:20 [INFO] - Test 1 | FAILED: Invalid column range | N/A: no_args_from_binary_expr in 375.19ms
2024-10-02 17:11:21 [INFO] - Test 2 | FAILED: Invalid column range | N/A: no_args_from_binary_expr_in_module in 362.27ms
2024-10-02 17:11:21 [INFO] - Test 3 | FAILED: Invalid column range | N/A: no_args_from_binary_expr_indented in 362.16ms
2024-10-02 17:11:21 [INFO] - Test 4 | FAILED: I/O error: The system cannot find the file specified. (os error 2) | N/A: no_args_from_stmt_with_last_expr in 358.99ms
2024-10-02 17:11:22 [INFO] - Test 5 | FAILED: I/O error: The system cannot find the file specified. (os error 2) | N/A: no_args_from_stmt_unit in 362.01ms
2024-10-02 17:11:22 [INFO] - Test 6 | FAILED: Invalid column range | N/A: no_args_if in 354.98ms
2024-10-02 17:11:22 [INFO] - Test 7 | FAILED: Invalid column range | N/A: no_args_if_else in 361.41ms
2024-10-02 17:11:23 [INFO] - Test 8 | FAILED: Invalid column range | N/A: no_args_if_let_else in 382.23ms
2024-10-02 17:11:23 [INFO] - Test 9 | FAILED: I/O error: The system cannot find the file specified. (os error 2) | N/A: no_args_match in 355.92ms
2024-10-02 17:11:24 [INFO] - Test 10 | FAILED: Invalid column range | N/A: no_args_while in 378.23ms
2024-10-02 17:11:24 [INFO] - Test 11 | FAILED: Invalid column range | N/A: no_args_for in 355.12ms
2024-10-02 17:11:24 [INFO] - Test 12 | FAILED: I/O error: The system cannot find the file specified. (os error 2) | N/A: no_args_from_loop_unit in 353.65ms
2024-10-02 17:11:25 [INFO] - Test 13 | FAILED: I/O error: The system cannot find the file specified. (os error 2) | N/A: no_args_from_loop_with_return in 367.56ms
2024-10-02 17:11:25 [INFO] - Test 14 | FAILED: I/O error: The system cannot find the file specified. (os error 2) | N/A: no_args_from_match in 359.05ms
2024-10-02 17:11:25 [INFO] - Test 15 | FAILED: Invalid column range | N/A: extract_partial_block_single_line in 355.40ms
2024-10-02 17:11:26 [INFO] - Test 16 | FAILED: Invalid column range | N/A: extract_partial_block in 361.50ms
2024-10-02 17:11:26 [INFO] - Test 17 | FAILED: Invalid column range | N/A: argument_form_expr in 362.60ms
2024-10-02 17:11:26 [INFO] - Test 18 | FAILED: Invalid column range | N/A: argument_used_twice_form_expr in 383.71ms
2024-10-02 17:11:27 [INFO] - Test 19 | FAILED: Invalid column range | N/A: two_arguments_form_expr in 379.27ms
2024-10-02 17:11:27 [INFO] - Test 20 | FAILED: I/O error: The system cannot find the file specified. (os error 2) | N/A: argument_and_locals in 358.44ms
2024-10-02 17:11:28 [INFO] - Test 21 | FAILED: Invalid column range | N/A: part_of_expr_stmt in 360.41ms
2024-10-02 17:11:28 [INFO] - Test 22 | FAILED: Invalid column range | N/A: function_expr in 358.42ms
2024-10-02 17:11:28 [INFO] - Test 23 | FAILED: I/O error: The system cannot find the file specified. (os error 2) | N/A: extract_from_nested in 354.66ms
2024-10-02 17:11:29 [INFO] - Test 24 | FAILED: Invalid column range | N/A: param_from_closure in 399.94ms
2024-10-02 17:11:29 [INFO] - Test 25 | FAILED: Invalid column range | N/A: extract_return_stmt in 408.01ms
2024-10-02 17:11:30 [INFO] - Test 26 | FAILED: Invalid column range | N/A: does_not_add_extra_whitespace in 413.64ms
2024-10-02 17:11:30 [INFO] - Test 27 | FAILED: Invalid column range | N/A: break_stmt in 419.98ms
2024-10-02 17:11:30 [INFO] - Test 28 | FAILED: Invalid column range | N/A: extract_cast in 380.60ms
2024-10-02 17:11:31 [INFO] - Test 29 | FAILED: Invalid column range | N/A: method_to_freestanding in 362.99ms
2024-10-02 17:11:31 [INFO] - Test 30 | FAILED: Invalid column range | N/A: method_with_reference in 358.77ms
2024-10-02 17:11:31 [INFO] - Test 31 | FAILED: Invalid column range | N/A: method_with_mut in 431.61ms
2024-10-02 17:11:32 [INFO] - Test 32 | FAILED: I/O error: The system cannot find the file specified. (os error 2) | N/A: variable_defined_inside_and_used_after_no_ret in 378.91ms
2024-10-02 17:11:32 [INFO] - Test 33 | FAILED: I/O error: The system cannot find the file specified. (os error 2) | N/A: variable_defined_inside_and_used_after_mutably_no_ret in 354.04ms
2024-10-02 17:11:33 [INFO] - Test 34 | FAILED: I/O error: The system cannot find the file specified. (os error 2) | N/A: two_variables_defined_inside_and_used_after_no_ret in 378.59ms
2024-10-02 17:11:33 [INFO] - Test 35 | FAILED: I/O error: The system cannot find the file specified. (os error 2) | N/A: multi_variables_defined_inside_and_used_after_mutably_no_ret in 397.27ms
2024-10-02 17:11:33 [INFO] - Test 36 | FAILED: I/O error: The system cannot find the file specified. (os error 2) | N/A: nontrivial_patterns_define_variables in 352.65ms
2024-10-02 17:11:34 [INFO] - Test 37 | FAILED: I/O error: The system cannot find the file specified. (os error 2) | N/A: struct_with_two_fields_pattern_define_variables in 367.85ms
2024-10-02 17:11:34 [INFO] - Test 38 | FAILED: I/O error: The system cannot find the file specified. (os error 2) | N/A: mut_var_from_outer_scope in 360.93ms
2024-10-02 17:11:34 [INFO] - Test 39 | FAILED: I/O error: The system cannot find the file specified. (os error 2) | N/A: mut_field_from_outer_scope in 357.17ms
2024-10-02 17:11:35 [INFO] - Test 40 | FAILED: I/O error: The system cannot find the file specified. (os error 2) | N/A: mut_nested_field_from_outer_scope in 372.15ms
2024-10-02 17:11:35 [INFO] - Test 41 | FAILED: I/O error: The system cannot find the file specified. (os error 2) | N/A: mut_param_many_usages_stmt in 371.17ms
2024-10-02 17:11:36 [INFO] - Test 42 | FAILED: I/O error: The system cannot find the file specified. (os error 2) | N/A: mut_param_many_usages_expr in 355.23ms
2024-10-02 17:11:36 [INFO] - Test 43 | FAILED: I/O error: The system cannot find the file specified. (os error 2) | N/A: mut_param_because_of_mut_ref in 354.01ms
2024-10-02 17:11:36 [INFO] - Test 44 | FAILED: Invalid column range | N/A: mut_method_call in 364.92ms
2024-10-02 17:11:37 [INFO] - Test 45 | FAILED: I/O error: The system cannot find the file specified. (os error 2) | N/A: copy_used_after in 365.39ms
2024-10-02 17:11:37 [INFO] - Test 46 | FAILED: I/O error: The system cannot find the file specified. (os error 2) | N/A: copy_custom_used_after in 355.28ms
2024-10-02 17:11:37 [INFO] - Test 47 | FAILED: I/O error: The system cannot find the file specified. (os error 2) | N/A: indented_stmts in 355.64ms
2024-10-02 17:11:38 [INFO] - Test 48 | FAILED: I/O error: The system cannot find the file specified. (os error 2) | N/A: indented_stmts_inside_mod in 373.26ms
2024-10-02 17:11:38 [INFO] - Test 49 | FAILED: I/O error: The system cannot find the file specified. (os error 2) | N/A: break_loop in 362.02ms
2024-10-02 17:11:38 [INFO] - Test 50 | FAILED: I/O error: The system cannot find the file specified. (os error 2) | N/A: return_to_parent in 357.75ms
2024-10-02 17:11:39 [INFO] - Test 51 | FAILED: I/O error: The system cannot find the file specified. (os error 2) | N/A: break_loop_with_if in 386.04ms
2024-10-02 17:11:39 [INFO] - Test 52 | FAILED: I/O error: The system cannot find the file specified. (os error 2) | N/A: break_loop_nested in 358.67ms
2024-10-02 17:11:40 [INFO] - Test 53 | FAILED: Invalid column range | N/A: break_loop_nested_labeled in 365.62ms
2024-10-02 17:11:40 [INFO] - Test 54 | FAILED: Invalid column range | N/A: continue_loop_nested_labeled in 354.70ms
2024-10-02 17:11:40 [INFO] - Test 55 | FAILED: Invalid column range | N/A: return_from_nested_loop in 355.00ms
2024-10-02 17:11:41 [INFO] - Test 56 | FAILED: I/O error: The system cannot find the file specified. (os error 2) | N/A: break_from_nested_loop in 368.54ms
2024-10-02 17:11:41 [INFO] - Test 57 | FAILED: I/O error: The system cannot find the file specified. (os error 2) | N/A: break_from_nested_and_outer_loops in 357.25ms
2024-10-02 17:11:41 [INFO] - Test 58 | FAILED: I/O error: The system cannot find the file specified. (os error 2) | N/A: return_from_nested_fn in 362.33ms
2024-10-02 17:11:42 [INFO] - Test 59 | FAILED: I/O error: The system cannot find the file specified. (os error 2) | N/A: break_with_value in 360.12ms
2024-10-02 17:11:42 [INFO] - Test 60 | FAILED: I/O error: The system cannot find the file specified. (os error 2) | N/A: break_with_value_and_label in 367.69ms
2024-10-02 17:11:42 [INFO] - Test 61 | FAILED: Invalid column range | N/A: break_with_value_and_return in 382.41ms
2024-10-02 17:11:43 [INFO] - Test 62 | FAILED: I/O error: The system cannot find the file specified. (os error 2) | N/A: try_option in 366.37ms
2024-10-02 17:11:43 [INFO] - Test 63 | FAILED: I/O error: The system cannot find the file specified. (os error 2) | N/A: try_option_unit in 376.30ms
2024-10-02 17:11:44 [INFO] - Test 64 | FAILED: I/O error: The system cannot find the file specified. (os error 2) | N/A: try_result in 362.59ms
2024-10-02 17:11:44 [INFO] - Test 65 | FAILED: I/O error: The system cannot find the file specified. (os error 2) | N/A: try_option_with_return in 359.98ms
2024-10-02 17:11:44 [INFO] - Test 66 | FAILED: I/O error: The system cannot find the file specified. (os error 2) | N/A: try_result_with_return in 363.20ms
2024-10-02 17:11:45 [INFO] - Test 67 | FAILED: I/O error: The system cannot find the file specified. (os error 2) | N/A: try_and_return_ok in 364.08ms
2024-10-02 17:11:45 [INFO] - Test 68 | FAILED: I/O error: The system cannot find the file specified. (os error 2) | N/A: param_usage_in_macro in 360.40ms
2024-10-02 17:11:45 [INFO] - Test 69 | FAILED: I/O error: The system cannot find the file specified. (os error 2) | N/A: param_usage_in_macro_with_nested_tt in 366.40ms
2024-10-02 17:11:46 [INFO] - Test 70 | FAILED: I/O error: The system cannot find the file specified. (os error 2) | N/A: param_usage_in_macro_with_nested_tt_2 in 361.11ms
2024-10-02 17:11:46 [INFO] - Test 71 | FAILED: Invalid column range | N/A: extract_with_await in 370.73ms
2024-10-02 17:11:46 [INFO] - Test 72 | FAILED: I/O error: The system cannot find the file specified. (os error 2) | N/A: extract_with_await_and_result_not_producing_match_expr in 364.48ms
2024-10-02 17:11:47 [INFO] - Test 73 | FAILED: I/O error: The system cannot find the file specified. (os error 2) | N/A: extract_with_await_and_result_producing_match_expr in 362.03ms
2024-10-02 17:11:47 [INFO] - Test 74 | FAILED: Invalid column range | N/A: extract_with_await_in_args in 368.86ms
2024-10-02 17:11:48 [INFO] - Test 75 | FAILED: I/O error: The system cannot find the file specified. (os error 2) | N/A: extract_does_not_tear_comments_apart in 355.76ms
2024-10-02 17:11:48 [INFO] - Test 76 | FAILED: Invalid column range | N/A: extract_does_not_tear_body_apart in 365.55ms
2024-10-02 17:11:48 [INFO] - Test 77 | FAILED: I/O error: The system cannot find the file specified. (os error 2) | N/A: extract_does_not_wrap_res_in_res in 353.44ms
2024-10-02 17:11:49 [INFO] - Test 78 | FAILED: Invalid column range | N/A: extract_mut_ref_param_has_no_mut_binding_in_loop in 363.52ms
2024-10-02 17:11:49 [INFO] - Test 79 | FAILED: Invalid column range | N/A: extract_with_macro_arg in 359.58ms
2024-10-02 17:11:49 [INFO] - Test 80 | FAILED: Invalid column range | N/A: unresolveable_types_default_to_placeholder in 361.73ms
2024-10-02 17:11:50 [INFO] - Test 81 | FAILED: I/O error: The system cannot find the file specified. (os error 2) | N/A: reference_mutable_param_with_further_usages in 369.46ms
2024-10-02 17:11:50 [INFO] - Test 82 | FAILED: Invalid column range | N/A: reference_mutable_param_without_further_usages in 355.48ms
2024-10-02 17:11:50 [INFO] - Test 83 | FAILED: Invalid column range | N/A: does_not_import_control_flow in 364.17ms
2024-10-02 17:11:51 [INFO] - Test 84 | FAILED: I/O error: The system cannot find the file specified. (os error 2) | N/A: extract_function_copies_comment_at_start in 363.07ms
2024-10-02 17:11:51 [INFO] - Test 85 | FAILED: Invalid column range | N/A: extract_function_copies_comment_in_between in 348.44ms
2024-10-02 17:11:52 [INFO] - Test 86 | FAILED: I/O error: The system cannot find the file specified. (os error 2) | N/A: extract_function_copies_comment_at_end in 355.83ms
2024-10-02 17:11:52 [INFO] - Test 87 | FAILED: I/O error: The system cannot find the file specified. (os error 2) | N/A: extract_function_copies_comment_indented in 365.71ms
2024-10-02 17:11:52 [INFO] - Test 88 | FAILED: Invalid column range | N/A: extract_function_does_preserve_whitespace in 349.40ms
2024-10-02 17:11:53 [INFO] - Test 89 | FAILED: I/O error: The system cannot find the file specified. (os error 2) | N/A: extract_function_long_form_comment in 361.63ms
2024-10-02 17:11:53 [INFO] - Test 90 | FAILED: Invalid column range | N/A: it_should_not_generate_duplicate_function_names in 354.40ms
2024-10-02 17:11:53 [INFO] - Test 91 | FAILED: Invalid column range | N/A: should_increment_suffix_until_it_finds_space in 347.34ms
2024-10-02 17:11:54 [INFO] - Test 92 | FAILED: Invalid column range | N/A: extract_method_from_trait_impl in 366.34ms
2024-10-02 17:11:54 [INFO] - Test 93 | FAILED: Invalid column range | N/A: extract_method_from_trait_with_existing_non_empty_impl_block in 354.79ms
2024-10-02 17:11:54 [INFO] - Test 94 | FAILED: I/O error: The system cannot find the file specified. (os error 2) | N/A: extract_function_from_trait_with_existing_non_empty_impl_block in 363.04ms
2024-10-02 17:11:55 [INFO] - Test 95 | FAILED: Invalid column range | N/A: extract_method_from_trait_with_multiple_existing_impl_blocks in 360.62ms
2024-10-02 17:11:55 [INFO] - Test 96 | FAILED: Invalid column range | N/A: extract_method_from_trait_with_multiple_existing_trait_impl_blocks in 362.50ms
2024-10-02 17:11:55 [INFO] - Test 97 | FAILED: Invalid column range | N/A: closure_arguments in 368.63ms
2024-10-02 17:11:56 [INFO] - Test 98 | FAILED: Invalid column range | N/A: preserve_generics in 362.12ms
2024-10-02 17:11:56 [INFO] - Test 99 | FAILED: Invalid column range | N/A: dont_emit_type_with_hidden_lifetime_parameter in 368.79ms
2024-10-02 17:11:57 [INFO] - Test 100 | FAILED: Invalid column range | N/A: preserve_generics_from_body in 418.01ms
2024-10-02 17:11:57 [INFO] - Test 101 | FAILED: Invalid column range | N/A: filter_unused_generics in 739.48ms
2024-10-02 17:11:58 [INFO] - Test 102 | FAILED: Invalid column range | N/A: empty_generic_param_list in 525.45ms
2024-10-02 17:11:58 [INFO] - Test 103 | FAILED: Invalid column range | N/A: preserve_where_clause in 478.80ms
2024-10-02 17:11:59 [INFO] - Test 104 | FAILED: Invalid column range | N/A: filter_unused_where_clause in 835.36ms
2024-10-02 17:12:00 [INFO] - Test 105 | FAILED: Invalid column range | N/A: nested_generics in 362.53ms
2024-10-02 17:12:00 [INFO] - Test 106 | FAILED: Invalid column range | N/A: filters_unused_nested_generics in 380.63ms
2024-10-02 17:12:01 [INFO] - Test 107 | FAILED: Invalid column range | N/A: nested_where_clauses in 770.35ms
2024-10-02 17:12:01 [INFO] - Test 108 | FAILED: Invalid column range | N/A: filters_unused_nested_where_clauses in 417.68ms
2024-10-02 17:12:02 [INFO] - Test 109 | FAILED: I/O error: The system cannot find the file specified. (os error 2) | N/A: tail_expr_no_extra_control_flow in 363.92ms
2024-10-02 17:12:02 [INFO] - Test 110 | FAILED: I/O error: The system cannot find the file specified. (os error 2) | N/A: non_tail_expr_of_tail_expr_loop in 363.67ms
2024-10-02 17:12:02 [INFO] - Test 111 | FAILED: I/O error: The system cannot find the file specified. (os error 2) | N/A: non_tail_expr_of_tail_if_block in 377.99ms
2024-10-02 17:12:03 [INFO] - Test 112 | FAILED: I/O error: The system cannot find the file specified. (os error 2) | N/A: tail_expr_of_tail_block_nested in 411.64ms
2024-10-02 17:12:03 [INFO] - Test 113 | FAILED: I/O error: The system cannot find the file specified. (os error 2) | N/A: non_tail_expr_with_comment_of_tail_expr_loop in 643.99ms
2024-10-02 17:12:04 [INFO] - Test 114 | FAILED: I/O error: The system cannot find the file specified. (os error 2) | N/A: comments_in_block_expr in 575.45ms
2024-10-02 17:12:04 [INFO] - ------------------------------------------------------------------
2024-10-02 17:12:04 [INFO] - Total tests run: 114
2024-10-02 17:12:04 [INFO] - Tests passed stage 1: 0
2024-10-02 17:12:04 [INFO] - Tests passed: 0
2024-10-02 17:12:04 [INFO] - Tests failed: 114
2024-10-02 17:12:04 [INFO] - Total time: 44.01s
2024-10-02 17:12:04 [INFO] - Average time per test: 385.12ms
2024-10-02 17:12:04 [INFO] - Shortest test time: 347.34ms
2024-10-02 17:12:04 [INFO] - Longest test time: 835.36ms
