2024-10-02 17:41:35 [INFO] - Application Started
2024-10-02 17:41:35 [INFO] - Running 'test' subcommand
2024-10-02 17:41:35 [INFO] - Verbose: no
2024-10-02 17:41:35 [INFO] - Starting tests...
2024-10-02 17:41:36 [INFO] - Test 1 | FAILED: I/O error: The system cannot find the file specified. (os error 2) | N/A: no_args_from_binary_expr in 317.90ms
2024-10-02 17:41:36 [INFO] - Test 2 | FAILED: I/O error: The system cannot find the file specified. (os error 2) | N/A: no_args_from_binary_expr_in_module in 329.00ms
2024-10-02 17:41:36 [INFO] - Test 3 | FAILED: I/O error: The system cannot find the file specified. (os error 2) | N/A: no_args_from_binary_expr_indented in 320.76ms
