2024-10-02 17:17:11 [INFO] - Application Started
2024-10-02 17:17:11 [INFO] - Running 'test' subcommand
2024-10-02 17:17:11 [INFO] - Verbose: no
2024-10-02 17:17:11 [INFO] - Starting tests...
2024-10-02 17:17:11 [INFO] - Test 1 | FAILED: I/O error: The system cannot find the file specified. (os error 2) | N/A: no_args_from_binary_expr in 368.51ms
2024-10-02 17:17:11 [INFO] - Test 2 | FAILED: I/O error: The system cannot find the file specified. (os error 2) | N/A: no_args_from_binary_expr_in_module in 364.95ms
2024-10-02 17:17:12 [INFO] - Test 3 | FAILED: I/O error: The system cannot find the file specified. (os error 2) | N/A: no_args_from_binary_expr_indented in 374.57ms
2024-10-02 17:17:12 [INFO] - Test 4 | FAILED: I/O error: The system cannot find the file specified. (os error 2) | N/A: no_args_from_stmt_with_last_expr in 380.19ms
2024-10-02 17:17:12 [INFO] - Test 5 | FAILED: I/O error: The system cannot find the file specified. (os error 2) | N/A: no_args_from_stmt_unit in 367.46ms
2024-10-02 17:17:13 [INFO] - Test 6 | FAILED: I/O error: The system cannot find the file specified. (os error 2) | N/A: no_args_if in 377.10ms
2024-10-02 17:17:13 [INFO] - Test 7 | FAILED: I/O error: The system cannot find the file specified. (os error 2) | N/A: no_args_if_else in 365.30ms
2024-10-02 17:17:14 [INFO] - Test 8 | FAILED: I/O error: The system cannot find the file specified. (os error 2) | N/A: no_args_if_let_else in 361.18ms
2024-10-02 17:17:14 [INFO] - Test 9 | FAILED: I/O error: The system cannot find the file specified. (os error 2) | N/A: no_args_match in 354.19ms
2024-10-02 17:17:14 [INFO] - Test 10 | FAILED: I/O error: The system cannot find the file specified. (os error 2) | N/A: no_args_while in 366.31ms
2024-10-02 17:17:15 [INFO] - Test 11 | FAILED: I/O error: The system cannot find the file specified. (os error 2) | N/A: no_args_for in 361.87ms
2024-10-02 17:17:15 [INFO] - Test 12 | FAILED: I/O error: The system cannot find the file specified. (os error 2) | N/A: no_args_from_loop_unit in 348.69ms
2024-10-02 17:17:15 [INFO] - Test 13 | FAILED: I/O error: The system cannot find the file specified. (os error 2) | N/A: no_args_from_loop_with_return in 362.03ms
