2024-10-02 17:49:38 [INFO] - Application Started
2024-10-02 17:49:38 [INFO] - Running 'test' subcommand
2024-10-02 17:49:38 [INFO] - Verbose: no
2024-10-02 17:49:38 [INFO] - Starting tests...
2024-10-02 17:49:39 [INFO] - Test 1 | FAILED: I/O error: The system cannot find the file specified. (os error 2) | N/A: no_args_from_binary_expr in 305.30ms
2024-10-02 17:49:39 [INFO] - Test 2 | FAILED: I/O error: The system cannot find the file specified. (os error 2) | N/A: no_args_from_binary_expr_in_module in 300.13ms
2024-10-02 17:49:39 [INFO] - Test 3 | FAILED: I/O error: The system cannot find the file specified. (os error 2) | N/A: no_args_from_binary_expr_indented in 316.70ms
2024-10-02 17:49:39 [INFO] - Test 4 | FAILED: I/O error: The system cannot find the file specified. (os error 2) | N/A: no_args_from_stmt_with_last_expr in 310.18ms
2024-10-02 17:49:40 [INFO] - Test 5 | FAILED: I/O error: The system cannot find the file specified. (os error 2) | N/A: no_args_from_stmt_unit in 307.41ms
2024-10-02 17:49:40 [INFO] - Test 6 | FAILED: I/O error: The system cannot find the file specified. (os error 2) | N/A: no_args_if in 320.79ms
