2024-10-02 17:52:02 [INFO] - Application Started
2024-10-02 17:52:02 [INFO] - Running 'test' subcommand
2024-10-02 17:52:02 [INFO] - Verbose: no
2024-10-02 17:52:02 [INFO] - Starting tests...
2024-10-02 17:52:02 [INFO] - Test 1 | FAILED: I/O error: The system cannot find the file specified. (os error 2) | N/A: no_args_from_binary_expr in 311.37ms
2024-10-02 17:52:03 [INFO] - Test 2 | FAILED: I/O error: The system cannot find the file specified. (os error 2) | N/A: no_args_from_binary_expr_in_module in 305.62ms
2024-10-02 17:52:03 [INFO] - Test 3 | FAILED: I/O error: The system cannot find the file specified. (os error 2) | N/A: no_args_from_binary_expr_indented in 294.59ms
2024-10-02 17:52:03 [INFO] - Test 4 | FAILED: I/O error: The system cannot find the file specified. (os error 2) | N/A: no_args_from_stmt_with_last_expr in 299.79ms
2024-10-02 17:52:04 [INFO] - Test 5 | FAILED: I/O error: The system cannot find the file specified. (os error 2) | N/A: no_args_from_stmt_unit in 299.72ms
2024-10-02 17:52:04 [INFO] - Test 6 | FAILED: I/O error: The system cannot find the file specified. (os error 2) | N/A: no_args_if in 339.22ms
2024-10-02 17:52:04 [INFO] - Test 7 | FAILED: I/O error: The system cannot find the file specified. (os error 2) | N/A: no_args_if_else in 296.39ms
