2024-10-03 02:48:25 [INFO] - Application Started
2024-10-03 02:48:25 [INFO] - Running 'test' subcommand
2024-10-03 02:48:25 [INFO] - Verbose: no
2024-10-03 02:48:25 [INFO] - Starting tests...
2024-10-03 02:48:28 [INFO] - Test 1 | PASSED | PASSED | PASSED: argument_and_locals in 2.22s
2024-10-03 02:48:30 [INFO] - Test 2 | FAILED: No Extract Function Assist found for the given selection of assists [] | N/A | N/A: argument_form_expr in 1.87s
2024-10-03 02:48:32 [INFO] - Test 3 | FAILED: No Extract Function Assist found for the given selection of assists [] | N/A | N/A: argument_used_twice_form_expr in 2.57s
2024-10-03 02:48:34 [INFO] - Test 4 | PASSED | PASSED | PASSED: break_from_nested_and_outer_loops in 2.00s
