2024-10-02 17:37:31 [INFO] - Application Started
2024-10-02 17:37:31 [INFO] - Running 'test' subcommand
2024-10-02 17:37:31 [INFO] - Verbose: no
2024-10-02 17:37:31 [INFO] - Starting tests...
2024-10-02 17:37:32 [INFO] - Test 1 | FAILED: I/O error: The system cannot find the file specified. (os error 2) | N/A: no_args_from_binary_expr in 332.08ms
2024-10-02 17:37:32 [INFO] - Test 2 | FAILED: I/O error: The system cannot find the file specified. (os error 2) | N/A: no_args_from_binary_expr_in_module in 348.35ms
2024-10-02 17:37:32 [INFO] - Test 3 | FAILED: I/O error: The system cannot find the file specified. (os error 2) | N/A: no_args_from_binary_expr_indented in 346.72ms
2024-10-02 17:37:33 [INFO] - Test 4 | FAILED: I/O error: The system cannot find the file specified. (os error 2) | N/A: no_args_from_stmt_with_last_expr in 321.21ms
2024-10-02 17:37:33 [INFO] - Test 5 | FAILED: I/O error: The system cannot find the file specified. (os error 2) | N/A: no_args_from_stmt_unit in 323.24ms
2024-10-02 17:37:33 [INFO] - Test 6 | FAILED: I/O error: The system cannot find the file specified. (os error 2) | N/A: no_args_if in 337.61ms
2024-10-02 17:37:34 [INFO] - Test 7 | FAILED: I/O error: The system cannot find the file specified. (os error 2) | N/A: no_args_if_else in 304.64ms
2024-10-02 17:37:34 [INFO] - Test 8 | FAILED: I/O error: The system cannot find the file specified. (os error 2) | N/A: no_args_if_let_else in 305.71ms
2024-10-02 17:37:34 [INFO] - Test 9 | FAILED: I/O error: The system cannot find the file specified. (os error 2) | N/A: no_args_match in 326.36ms
2024-10-02 17:37:35 [INFO] - Test 10 | FAILED: I/O error: The system cannot find the file specified. (os error 2) | N/A: no_args_while in 326.84ms
2024-10-02 17:37:35 [INFO] - Test 11 | FAILED: I/O error: The system cannot find the file specified. (os error 2) | N/A: no_args_for in 336.46ms
2024-10-02 17:37:35 [INFO] - Test 12 | FAILED: I/O error: The system cannot find the file specified. (os error 2) | N/A: no_args_from_loop_unit in 326.84ms
2024-10-02 17:37:36 [INFO] - Test 13 | FAILED: I/O error: The system cannot find the file specified. (os error 2) | N/A: no_args_from_loop_with_return in 307.53ms
2024-10-02 17:37:36 [INFO] - Test 14 | FAILED: I/O error: The system cannot find the file specified. (os error 2) | N/A: no_args_from_match in 330.32ms
2024-10-02 17:37:36 [INFO] - Test 15 | FAILED: I/O error: The system cannot find the file specified. (os error 2) | N/A: extract_partial_block_single_line in 331.97ms
2024-10-02 17:37:37 [INFO] - Test 16 | FAILED: I/O error: The system cannot find the file specified. (os error 2) | N/A: extract_partial_block in 326.09ms
