2024-10-02 17:50:48 [INFO] - Application Started
2024-10-02 17:50:48 [INFO] - Running 'test' subcommand
2024-10-02 17:50:48 [INFO] - Verbose: no
2024-10-02 17:50:48 [INFO] - Starting tests...
2024-10-02 17:50:48 [INFO] - Test 1 | FAILED: I/O error: The system cannot find the file specified. (os error 2) | N/A: no_args_from_binary_expr in 325.37ms
2024-10-02 17:50:49 [INFO] - Test 2 | FAILED: I/O error: The system cannot find the file specified. (os error 2) | N/A: no_args_from_binary_expr_in_module in 309.29ms
2024-10-02 17:50:49 [INFO] - Test 3 | FAILED: I/O error: The system cannot find the file specified. (os error 2) | N/A: no_args_from_binary_expr_indented in 289.51ms
