2024-09-25 15:45:42 [INFO] - Application Started
2024-09-25 15:45:42 [INFO] - Running 'test' subcommand
2024-09-25 15:45:42 [INFO] - Verbose: no
2024-09-25 15:45:42 [INFO] - Starting tests...
2024-09-25 15:45:42 [INFO] - Test 1 | PASSED | Error: I/O error: The system cannot find the file specified. (os error 2): no_args_from_binary_expr in 1.46ms
2024-09-25 15:45:42 [INFO] - Test 2 | PASSED | Error: I/O error: The system cannot find the file specified. (os error 2): no_args_from_binary_expr_in_module in 0.73ms
2024-09-25 15:45:42 [INFO] - Test 3 | PASSED | Error: I/O error: The system cannot find the file specified. (os error 2): no_args_from_binary_expr_indented in 0.48ms
2024-09-25 15:45:42 [INFO] - Test 4 | PASSED | Error: I/O error: The system cannot find the file specified. (os error 2): no_args_from_stmt_with_last_expr in 0.58ms
2024-09-25 15:45:42 [INFO] - Test 5 | PASSED | FAILED: no_args_from_stmt_unit in 0.71ms
2024-09-25 15:45:42 [INFO] - Test 6 | PASSED | Error: I/O error: The system cannot find the file specified. (os error 2): no_args_if in 1.22ms
2024-09-25 15:45:42 [INFO] - Test 7 | PASSED | Error: I/O error: The system cannot find the file specified. (os error 2): no_args_if_else in 0.65ms
2024-09-25 15:45:42 [INFO] - Test 8 | PASSED | Error: I/O error: The system cannot find the file specified. (os error 2): no_args_if_let_else in 0.62ms
2024-09-25 15:45:42 [INFO] - Test 9 | PASSED | Error: I/O error: The system cannot find the file specified. (os error 2): no_args_match in 0.78ms
2024-09-25 15:45:42 [INFO] - Test 10 | PASSED | Error: I/O error: The system cannot find the file specified. (os error 2): no_args_while in 0.46ms
2024-09-25 15:45:42 [INFO] - Test 11 | PASSED | Error: I/O error: The system cannot find the file specified. (os error 2): no_args_for in 0.81ms
2024-09-25 15:45:42 [INFO] - Test 12 | PASSED | Error: I/O error: The system cannot find the file specified. (os error 2): no_args_from_loop_unit in 0.47ms
2024-09-25 15:45:42 [INFO] - Test 13 | PASSED | Error: I/O error: The system cannot find the file specified. (os error 2): no_args_from_loop_with_return in 1.73ms
2024-09-25 15:45:42 [INFO] - Test 14 | PASSED | Error: I/O error: The system cannot find the file specified. (os error 2): no_args_from_match in 0.78ms
2024-09-25 15:45:42 [INFO] - Test 15 | PASSED | Error: I/O error: The system cannot find the file specified. (os error 2): extract_partial_block_single_line in 0.78ms
2024-09-25 15:45:42 [INFO] - Test 16 | PASSED | FAILED: extract_partial_block in 0.67ms
2024-09-25 15:45:42 [INFO] - Test 17 | PASSED | Error: I/O error: The system cannot find the file specified. (os error 2): argument_form_expr in 0.86ms
2024-09-25 15:45:42 [INFO] - Test 18 | PASSED | Error: I/O error: The system cannot find the file specified. (os error 2): argument_used_twice_form_expr in 1.92ms
2024-09-25 15:45:42 [INFO] - Test 19 | PASSED | Error: I/O error: The system cannot find the file specified. (os error 2): two_arguments_form_expr in 1.08ms
2024-09-25 15:45:42 [INFO] - Test 20 | PASSED | Error: I/O error: The system cannot find the file specified. (os error 2): argument_and_locals in 0.77ms
2024-09-25 15:45:42 [INFO] - Test 21 | PASSED | Error: I/O error: The system cannot find the file specified. (os error 2): part_of_expr_stmt in 0.68ms
2024-09-25 15:45:42 [INFO] - Test 22 | PASSED | Error: I/O error: The system cannot find the file specified. (os error 2): function_expr in 0.56ms
2024-09-25 15:45:42 [INFO] - Test 23 | FAILED: Parse error: expected `,` | N/A: extract_from_nested in 0.84ms
2024-09-25 15:45:42 [INFO] - Test 24 | PASSED | Error: I/O error: The system cannot find the file specified. (os error 2): param_from_closure in 0.97ms
2024-09-25 15:45:42 [INFO] - Test 25 | PASSED | Error: I/O error: The system cannot find the file specified. (os error 2): extract_return_stmt in 0.74ms
2024-09-25 15:45:42 [INFO] - Test 26 | PASSED | Error: I/O error: The system cannot find the file specified. (os error 2): does_not_add_extra_whitespace in 0.72ms
2024-09-25 15:45:42 [INFO] - Test 27 | PASSED | Error: I/O error: The system cannot find the file specified. (os error 2): break_stmt in 0.80ms
2024-09-25 15:45:42 [INFO] - Test 28 | PASSED | Error: I/O error: The system cannot find the file specified. (os error 2): extract_cast in 0.88ms
2024-09-25 15:45:42 [INFO] - Test 29 | PASSED | Error: I/O error: The system cannot find the file specified. (os error 2): method_to_freestanding in 0.82ms
2024-09-25 15:45:42 [INFO] - Test 30 | PASSED | Error: I/O error: The system cannot find the file specified. (os error 2): method_with_reference in 0.55ms
2024-09-25 15:45:42 [INFO] - Test 31 | PASSED | Error: I/O error: The system cannot find the file specified. (os error 2): method_with_mut in 0.49ms
2024-09-25 15:45:42 [INFO] - Test 32 | PASSED | Error: I/O error: The system cannot find the file specified. (os error 2): variable_defined_inside_and_used_after_no_ret in 0.68ms
2024-09-25 15:45:42 [INFO] - Test 33 | PASSED | Error: I/O error: The system cannot find the file specified. (os error 2): variable_defined_inside_and_used_after_mutably_no_ret in 0.71ms
2024-09-25 15:45:42 [INFO] - Test 34 | PASSED | FAILED: two_variables_defined_inside_and_used_after_no_ret in 0.70ms
2024-09-25 15:45:42 [INFO] - Test 35 | PASSED | FAILED: multi_variables_defined_inside_and_used_after_mutably_no_ret in 0.90ms
2024-09-25 15:45:42 [INFO] - Test 36 | PASSED | Error: I/O error: The system cannot find the file specified. (os error 2): nontrivial_patterns_define_variables in 0.66ms
2024-09-25 15:45:42 [INFO] - Test 37 | FAILED: Parse error: expected one of: `fn`, `extern`, `use`, `static`, `const`, `unsafe`, `mod`, `type`, `struct`, `enum`, `union`, `trait`, `auto`, `impl`, `default`, `macro`, identifier, `self`, `super`, `crate`, `::` | N/A: struct_with_two_fields_pattern_define_variables in 1.05ms
2024-09-25 15:45:42 [INFO] - Test 38 | PASSED | Error: I/O error: The system cannot find the file specified. (os error 2): mut_var_from_outer_scope in 1.01ms
2024-09-25 15:45:42 [INFO] - Test 39 | PASSED | Error: I/O error: The system cannot find the file specified. (os error 2): mut_field_from_outer_scope in 0.67ms
2024-09-25 15:45:42 [INFO] - Test 40 | PASSED | Error: I/O error: The system cannot find the file specified. (os error 2): mut_nested_field_from_outer_scope in 1.81ms
2024-09-25 15:45:42 [INFO] - Test 41 | PASSED | Error: I/O error: The system cannot find the file specified. (os error 2): mut_param_many_usages_stmt in 1.36ms
2024-09-25 15:45:42 [INFO] - Test 42 | PASSED | Error: I/O error: The system cannot find the file specified. (os error 2): mut_param_many_usages_expr in 1.29ms
2024-09-25 15:45:42 [INFO] - Test 43 | PASSED | FAILED: mut_param_because_of_mut_ref in 0.93ms
2024-09-25 15:45:42 [INFO] - Test 44 | PASSED | Error: I/O error: The system cannot find the file specified. (os error 2): mut_method_call in 0.63ms
2024-09-25 15:45:42 [INFO] - Test 45 | PASSED | Error: I/O error: The system cannot find the file specified. (os error 2): copy_used_after in 0.57ms
2024-09-25 15:45:42 [INFO] - Test 46 | PASSED | Error: I/O error: The system cannot find the file specified. (os error 2): copy_custom_used_after in 0.72ms
2024-09-25 15:45:42 [INFO] - Test 47 | PASSED | Error: I/O error: The system cannot find the file specified. (os error 2): indented_stmts in 0.68ms
2024-09-25 15:45:42 [INFO] - Test 48 | PASSED | Error: I/O error: The system cannot find the file specified. (os error 2): indented_stmts_inside_mod in 1.56ms
2024-09-25 15:45:42 [INFO] - Test 49 | PASSED | Error: I/O error: The system cannot find the file specified. (os error 2): break_loop in 0.88ms
2024-09-25 15:45:42 [INFO] - Test 50 | PASSED | FAILED: return_to_parent in 0.71ms
2024-09-25 15:45:42 [INFO] - Test 51 | PASSED | Error: I/O error: The system cannot find the file specified. (os error 2): break_loop_with_if in 1.23ms
2024-09-25 15:45:42 [INFO] - Test 52 | PASSED | Error: I/O error: The system cannot find the file specified. (os error 2): break_loop_nested in 1.22ms
2024-09-25 15:45:42 [INFO] - Test 53 | PASSED | Error: I/O error: The system cannot find the file specified. (os error 2): break_loop_nested_labeled in 0.70ms
2024-09-25 15:45:42 [INFO] - Test 54 | PASSED | Error: I/O error: The system cannot find the file specified. (os error 2): continue_loop_nested_labeled in 0.56ms
2024-09-25 15:45:42 [INFO] - Test 55 | PASSED | Error: I/O error: The system cannot find the file specified. (os error 2): return_from_nested_loop in 0.80ms
2024-09-25 15:45:42 [INFO] - Test 56 | PASSED | Error: I/O error: The system cannot find the file specified. (os error 2): break_from_nested_loop in 0.84ms
2024-09-25 15:45:42 [INFO] - Test 57 | PASSED | Error: I/O error: The system cannot find the file specified. (os error 2): break_from_nested_and_outer_loops in 2.69ms
2024-09-25 15:45:42 [INFO] - Test 58 | PASSED | Error: I/O error: The system cannot find the file specified. (os error 2): return_from_nested_fn in 1.24ms
2024-09-25 15:45:42 [INFO] - Test 59 | PASSED | Error: I/O error: The system cannot find the file specified. (os error 2): break_with_value in 1.09ms
2024-09-25 15:45:42 [INFO] - Test 60 | PASSED | Error: I/O error: The system cannot find the file specified. (os error 2): break_with_value_and_label in 0.97ms
2024-09-25 15:45:42 [INFO] - Test 61 | PASSED | Error: I/O error: The system cannot find the file specified. (os error 2): break_with_value_and_return in 1.20ms
2024-09-25 15:45:42 [INFO] - Test 62 | PASSED | Error: I/O error: The system cannot find the file specified. (os error 2): try_option in 1.18ms
2024-09-25 15:45:42 [INFO] - Test 63 | PASSED | FAILED: try_option_unit in 1.04ms
2024-09-25 15:45:42 [INFO] - Test 64 | PASSED | FAILED: try_result in 0.65ms
2024-09-25 15:45:42 [INFO] - Test 65 | PASSED | FAILED: try_option_with_return in 0.67ms
2024-09-25 15:45:42 [INFO] - Test 66 | PASSED | FAILED: try_result_with_return in 0.98ms
2024-09-25 15:45:42 [INFO] - Test 67 | PASSED | FAILED: try_and_return_ok in 0.87ms
2024-09-25 15:45:42 [INFO] - Test 68 | PASSED | Error: I/O error: The system cannot find the file specified. (os error 2): param_usage_in_macro in 1.00ms
2024-09-25 15:45:42 [INFO] - Test 69 | PASSED | Error: I/O error: The system cannot find the file specified. (os error 2): param_usage_in_macro_with_nested_tt in 0.96ms
2024-09-25 15:45:42 [INFO] - Test 70 | PASSED | Error: I/O error: The system cannot find the file specified. (os error 2): param_usage_in_macro_with_nested_tt_2 in 0.70ms
2024-09-25 15:45:42 [INFO] - Test 71 | PASSED | Error: I/O error: The system cannot find the file specified. (os error 2): extract_with_await in 0.61ms
2024-09-25 15:45:42 [INFO] - Test 72 | PASSED | Error: I/O error: The system cannot find the file specified. (os error 2): extract_with_await_and_result_not_producing_match_expr in 0.79ms
2024-09-25 15:45:42 [INFO] - Test 73 | PASSED | Error: I/O error: The system cannot find the file specified. (os error 2): extract_with_await_and_result_producing_match_expr in 0.77ms
2024-09-25 15:45:42 [INFO] - Test 74 | PASSED | Error: I/O error: The system cannot find the file specified. (os error 2): extract_with_await_in_args in 0.65ms
2024-09-25 15:45:42 [INFO] - Test 75 | PASSED | Error: I/O error: The system cannot find the file specified. (os error 2): extract_does_not_tear_comments_apart in 0.89ms
2024-09-25 15:45:42 [INFO] - Test 76 | FAILED: Invalid line range | N/A: extract_does_not_tear_body_apart in 0.26ms
2024-09-25 15:45:42 [INFO] - Test 77 | PASSED | Error: I/O error: The system cannot find the file specified. (os error 2): extract_does_not_wrap_res_in_res in 0.51ms
2024-09-25 15:45:42 [INFO] - Test 78 | PASSED | Error: I/O error: The system cannot find the file specified. (os error 2): extract_mut_ref_param_has_no_mut_binding_in_loop in 1.76ms
2024-09-25 15:45:42 [INFO] - Test 79 | PASSED | Error: I/O error: The system cannot find the file specified. (os error 2): extract_with_macro_arg in 0.74ms
2024-09-25 15:45:42 [INFO] - Test 80 | PASSED | Error: I/O error: The system cannot find the file specified. (os error 2): unresolveable_types_default_to_placeholder in 0.39ms
2024-09-25 15:45:42 [INFO] - Test 81 | PASSED | Error: I/O error: The system cannot find the file specified. (os error 2): reference_mutable_param_with_further_usages in 1.04ms
2024-09-25 15:45:42 [INFO] - Test 82 | PASSED | Error: I/O error: The system cannot find the file specified. (os error 2): reference_mutable_param_without_further_usages in 0.86ms
2024-09-25 15:45:42 [INFO] - Test 83 | PASSED | Error: I/O error: The system cannot find the file specified. (os error 2): does_not_import_control_flow in 0.60ms
2024-09-25 15:45:42 [INFO] - Test 84 | PASSED | Error: I/O error: The system cannot find the file specified. (os error 2): extract_function_copies_comment_at_start in 0.71ms
2024-09-25 15:45:42 [INFO] - Test 85 | PASSED | Error: Parse error: cannot parse string into token stream: extract_function_copies_comment_in_between in 0.93ms
2024-09-25 15:45:42 [INFO] - Test 86 | PASSED | Error: I/O error: The system cannot find the file specified. (os error 2): extract_function_copies_comment_at_end in 0.73ms
2024-09-25 15:45:42 [INFO] - Test 87 | PASSED | Error: I/O error: The system cannot find the file specified. (os error 2): extract_function_copies_comment_indented in 1.21ms
2024-09-25 15:45:42 [INFO] - Test 88 | PASSED | Error: I/O error: The system cannot find the file specified. (os error 2): extract_function_does_preserve_whitespace in 0.94ms
2024-09-25 15:45:42 [INFO] - Test 89 | PASSED | Error: I/O error: The system cannot find the file specified. (os error 2): extract_function_long_form_comment in 0.69ms
2024-09-25 15:45:42 [INFO] - Test 90 | PASSED | Error: I/O error: The system cannot find the file specified. (os error 2): it_should_not_generate_duplicate_function_names in 0.59ms
2024-09-25 15:45:42 [INFO] - Test 91 | PASSED | Error: I/O error: The system cannot find the file specified. (os error 2): should_increment_suffix_until_it_finds_space in 0.78ms
2024-09-25 15:45:42 [INFO] - Test 92 | PASSED | Error: I/O error: The system cannot find the file specified. (os error 2): extract_method_from_trait_impl in 0.91ms
2024-09-25 15:45:42 [INFO] - Test 93 | PASSED | Error: I/O error: The system cannot find the file specified. (os error 2): extract_method_from_trait_with_existing_non_empty_impl_block in 1.18ms
2024-09-25 15:45:42 [INFO] - Test 94 | PASSED | Error: I/O error: The system cannot find the file specified. (os error 2): extract_function_from_trait_with_existing_non_empty_impl_block in 1.08ms
2024-09-25 15:45:42 [INFO] - Test 95 | PASSED | Error: I/O error: The system cannot find the file specified. (os error 2): extract_method_from_trait_with_multiple_existing_impl_blocks in 0.82ms
2024-09-25 15:45:42 [INFO] - Test 96 | PASSED | Error: I/O error: The system cannot find the file specified. (os error 2): extract_method_from_trait_with_multiple_existing_trait_impl_blocks in 1.41ms
2024-09-25 15:45:42 [INFO] - Test 97 | PASSED | Error: I/O error: The system cannot find the file specified. (os error 2): closure_arguments in 0.92ms
2024-09-25 15:45:42 [INFO] - Test 98 | PASSED | Error: I/O error: The system cannot find the file specified. (os error 2): preserve_generics in 1.55ms
2024-09-25 15:45:42 [INFO] - Test 99 | PASSED | Error: I/O error: The system cannot find the file specified. (os error 2): dont_emit_type_with_hidden_lifetime_parameter in 0.71ms
2024-09-25 15:45:42 [INFO] - Test 100 | PASSED | Error: I/O error: The system cannot find the file specified. (os error 2): preserve_generics_from_body in 0.66ms
2024-09-25 15:45:42 [INFO] - Test 101 | PASSED | Error: I/O error: The system cannot find the file specified. (os error 2): filter_unused_generics in 0.69ms
2024-09-25 15:45:42 [INFO] - Test 102 | PASSED | Error: I/O error: The system cannot find the file specified. (os error 2): empty_generic_param_list in 0.81ms
2024-09-25 15:45:42 [INFO] - Test 103 | PASSED | Error: I/O error: The system cannot find the file specified. (os error 2): preserve_where_clause in 1.63ms
2024-09-25 15:45:42 [INFO] - Test 104 | PASSED | Error: I/O error: The system cannot find the file specified. (os error 2): filter_unused_where_clause in 0.85ms
2024-09-25 15:45:42 [INFO] - Test 105 | PASSED | Error: I/O error: The system cannot find the file specified. (os error 2): nested_generics in 0.77ms
2024-09-25 15:45:42 [INFO] - Test 106 | PASSED | Error: I/O error: The system cannot find the file specified. (os error 2): filters_unused_nested_generics in 1.23ms
2024-09-25 15:45:42 [INFO] - Test 107 | PASSED | Error: I/O error: The system cannot find the file specified. (os error 2): nested_where_clauses in 1.32ms
2024-09-25 15:45:42 [INFO] - Test 108 | PASSED | Error: I/O error: The system cannot find the file specified. (os error 2): filters_unused_nested_where_clauses in 1.34ms
2024-09-25 15:45:42 [INFO] - Test 109 | PASSED | Error: I/O error: The system cannot find the file specified. (os error 2): tail_expr_no_extra_control_flow in 0.67ms
2024-09-25 15:45:42 [INFO] - Test 110 | PASSED | Error: I/O error: The system cannot find the file specified. (os error 2): non_tail_expr_of_tail_expr_loop in 0.72ms
2024-09-25 15:45:42 [INFO] - Test 111 | PASSED | Error: I/O error: The system cannot find the file specified. (os error 2): non_tail_expr_of_tail_if_block in 1.23ms
2024-09-25 15:45:42 [INFO] - Test 112 | PASSED | Error: I/O error: The system cannot find the file specified. (os error 2): tail_expr_of_tail_block_nested in 1.14ms
2024-09-25 15:45:42 [INFO] - Test 113 | PASSED | Error: I/O error: The system cannot find the file specified. (os error 2): non_tail_expr_with_comment_of_tail_expr_loop in 0.63ms
2024-09-25 15:45:42 [INFO] - Test 114 | PASSED | Error: I/O error: The system cannot find the file specified. (os error 2): comments_in_block_expr in 0.78ms
2024-09-25 15:45:42 [INFO] - ------------------------------------------------------------------
2024-09-25 15:45:42 [INFO] - Total tests run: 114
2024-09-25 15:45:42 [INFO] - Tests passed stage 1: 111
2024-09-25 15:45:42 [INFO] - Tests passed: 0
2024-09-25 15:45:42 [INFO] - Tests failed: 114
2024-09-25 15:45:42 [INFO] - Total time: 395.10ms
2024-09-25 15:45:42 [INFO] - Average time per test: 0.91ms
2024-09-25 15:45:42 [INFO] - Shortest test time: 0.26ms
2024-09-25 15:45:42 [INFO] - Longest test time: 2.69ms
